TpTrace Verbose: 0 : 11168, 1, 2024/03/31, 20:16:25.049, 9367730004037, vstest.console.dll, Version: 17.9.0-release-24072-02 Current process architecture: X64
TpTrace Verbose: 0 : 11168, 1, 2024/03/31, 20:16:25.054, 9367730056031, vstest.console.dll, Runtime location: C:\Program Files\dotnet\shared\Microsoft.NETCore.App\8.0.3
TpTrace Verbose: 0 : 11168, 1, 2024/03/31, 20:16:25.061, 9367730126025, vstest.console.dll, ArtifactProcessingPostProcessModeProcessorExecutor.Initialize: ArtifactProcessingMode.Collect
TpTrace Verbose: 0 : 11168, 1, 2024/03/31, 20:16:25.062, 9367730127523, vstest.console.dll, TestSessionCorrelationIdProcessorModeProcessorExecutor.Initialize: TestSessionCorrelationId '5672_fd368497-1082-470d-8a95-4265720e68db'
TpTrace Information: 0 : 11168, 1, 2024/03/31, 20:16:25.072, 9367730227732, vstest.console.dll, FilePatternParser: The given file C:\Users\Usuario\Documents\Curso CSharp Ada\Ecommerce\back-end-ecommerce\Ecommerce.Test\bin\Debug\net8.0\fine-code-coverage\build-output\Ecommerce.Test.dll is a full path.
TpTrace Verbose: 0 : 11168, 1, 2024/03/31, 20:16:25.090, 9367730408478, vstest.console.dll, TestPluginCache.DiscoverTestExtensions: finding test extensions in assemblies ends with: RuntimeProvider.dll TPluginInfo: Microsoft.VisualStudio.TestPlatform.Common.ExtensionFramework.Utilities.TestRuntimePluginInformation TExtension: Microsoft.VisualStudio.TestPlatform.ObjectModel.Host.ITestRuntimeProvider
TpTrace Verbose: 0 : 11168, 1, 2024/03/31, 20:16:25.091, 9367730424570, vstest.console.dll, TestPluginCache.GetExtensionPaths: Filtered extension paths: 
TpTrace Verbose: 0 : 11168, 1, 2024/03/31, 20:16:25.091, 9367730425772, vstest.console.dll, TestPluginCache.GetExtensionPaths: Added default extension paths: C:\Program Files\dotnet\sdk\8.0.202\Extensions\Microsoft.Diagnostics.NETCore.Client.dll
C:\Program Files\dotnet\sdk\8.0.202\Extensions\Microsoft.TestPlatform.Extensions.BlameDataCollector.dll
C:\Program Files\dotnet\sdk\8.0.202\Extensions\Microsoft.TestPlatform.Extensions.EventLogCollector.dll
C:\Program Files\dotnet\sdk\8.0.202\Extensions\Microsoft.TestPlatform.TestHostRuntimeProvider.dll
C:\Program Files\dotnet\sdk\8.0.202\Extensions\Microsoft.VisualStudio.TestPlatform.Extensions.Html.TestLogger.dll
C:\Program Files\dotnet\sdk\8.0.202\Extensions\Microsoft.VisualStudio.TestPlatform.Extensions.Trx.TestLogger.dll
TpTrace Verbose: 0 : 11168, 1, 2024/03/31, 20:16:25.091, 9367730426381, vstest.console.dll, TestPluginCache.GetExtensionPaths: Added unfilterableExtensionPaths: 
TpTrace Information: 0 : 11168, 1, 2024/03/31, 20:16:25.093, 9367730438699, vstest.console.dll, AssemblyResolver.ctor: Creating AssemblyResolver with searchDirectories C:\Program Files\dotnet\sdk\8.0.202\Extensions,C:\Program Files\dotnet\sdk\8.0.202
TpTrace Verbose: 0 : 11168, 1, 2024/03/31, 20:16:25.094, 9367730447175, vstest.console.dll, TestPluginCache.DiscoverTestExtensions: Discovering the extensions using extension path.
TpTrace Verbose: 0 : 11168, 1, 2024/03/31, 20:16:25.094, 9367730448613, vstest.console.dll, TestPluginCache.GetExtensionPaths: Filtered extension paths: 
TpTrace Verbose: 0 : 11168, 1, 2024/03/31, 20:16:25.094, 9367730449171, vstest.console.dll, TestPluginCache.GetExtensionPaths: Added default extension paths: C:\Program Files\dotnet\sdk\8.0.202\Extensions\Microsoft.Diagnostics.NETCore.Client.dll
C:\Program Files\dotnet\sdk\8.0.202\Extensions\Microsoft.TestPlatform.Extensions.BlameDataCollector.dll
C:\Program Files\dotnet\sdk\8.0.202\Extensions\Microsoft.TestPlatform.Extensions.EventLogCollector.dll
C:\Program Files\dotnet\sdk\8.0.202\Extensions\Microsoft.TestPlatform.TestHostRuntimeProvider.dll
C:\Program Files\dotnet\sdk\8.0.202\Extensions\Microsoft.VisualStudio.TestPlatform.Extensions.Html.TestLogger.dll
C:\Program Files\dotnet\sdk\8.0.202\Extensions\Microsoft.VisualStudio.TestPlatform.Extensions.Trx.TestLogger.dll
TpTrace Verbose: 0 : 11168, 1, 2024/03/31, 20:16:25.094, 9367730449716, vstest.console.dll, TestPluginCache.GetExtensionPaths: Added unfilterableExtensionPaths: 
TpTrace Verbose: 0 : 11168, 1, 2024/03/31, 20:16:25.094, 9367730450566, vstest.console.dll, TestPluginCache.DiscoverTestExtensions: Discovering the extensions using allExtensionPaths: C:\Program Files\dotnet\sdk\8.0.202\Extensions\Microsoft.Diagnostics.NETCore.Client.dll
C:\Program Files\dotnet\sdk\8.0.202\Extensions\Microsoft.TestPlatform.Extensions.BlameDataCollector.dll
C:\Program Files\dotnet\sdk\8.0.202\Extensions\Microsoft.TestPlatform.Extensions.EventLogCollector.dll
C:\Program Files\dotnet\sdk\8.0.202\Extensions\Microsoft.TestPlatform.TestHostRuntimeProvider.dll
C:\Program Files\dotnet\sdk\8.0.202\Extensions\Microsoft.VisualStudio.TestPlatform.Extensions.Html.TestLogger.dll
C:\Program Files\dotnet\sdk\8.0.202\Extensions\Microsoft.VisualStudio.TestPlatform.Extensions.Trx.TestLogger.dll
TpTrace Information: 0 : 11168, 1, 2024/03/31, 20:16:25.094, 9367730452248, vstest.console.dll, AssemblyResolver.AddSearchDirectories: Adding more searchDirectories C:\Program Files\dotnet\sdk\8.0.202\Extensions,C:\Program Files\dotnet\sdk\8.0.202
TpTrace Information: 0 : 11168, 1, 2024/03/31, 20:16:25.094, 9367730453019, vstest.console.dll, AssemblyResolver.AddSearchDirectories: Adding more searchDirectories C:\Program Files\dotnet\sdk\8.0.202\Extensions,C:\Program Files\dotnet\sdk\8.0.202
TpTrace Information: 0 : 11168, 1, 2024/03/31, 20:16:25.094, 9367730453567, vstest.console.dll, AssemblyResolver.AddSearchDirectories: Adding more searchDirectories C:\Program Files\dotnet\sdk\8.0.202\Extensions,C:\Program Files\dotnet\sdk\8.0.202
TpTrace Information: 0 : 11168, 1, 2024/03/31, 20:16:25.094, 9367730454209, vstest.console.dll, AssemblyResolver.AddSearchDirectories: Adding more searchDirectories C:\Program Files\dotnet\sdk\8.0.202\Extensions,C:\Program Files\dotnet\sdk\8.0.202
TpTrace Information: 0 : 11168, 1, 2024/03/31, 20:16:25.094, 9367730454730, vstest.console.dll, AssemblyResolver.AddSearchDirectories: Adding more searchDirectories C:\Program Files\dotnet\sdk\8.0.202\Extensions,C:\Program Files\dotnet\sdk\8.0.202
TpTrace Information: 0 : 11168, 1, 2024/03/31, 20:16:25.094, 9367730455239, vstest.console.dll, AssemblyResolver.AddSearchDirectories: Adding more searchDirectories C:\Program Files\dotnet\sdk\8.0.202\Extensions,C:\Program Files\dotnet\sdk\8.0.202
TpTrace Information: 0 : 11168, 1, 2024/03/31, 20:16:25.095, 9367730459409, vstest.console.dll, AssemblyResolver.OnResolve: Microsoft.Diagnostics.NETCore.Client: Resolving assembly.
TpTrace Information: 0 : 11168, 1, 2024/03/31, 20:16:25.095, 9367730460454, vstest.console.dll, AssemblyResolver.OnResolve: Microsoft.Diagnostics.NETCore.Client: Searching in: 'C:\Program Files\dotnet\sdk\8.0.202\Extensions'.
TpTrace Information: 0 : 11168, 1, 2024/03/31, 20:16:25.105, 9367730562386, vstest.console.dll, AssemblyResolver.OnResolve: Microsoft.Diagnostics.NETCore.Client: Loading assembly 'C:\Program Files\dotnet\sdk\8.0.202\Extensions\Microsoft.Diagnostics.NETCore.Client.dll'.
TpTrace Information: 0 : 11168, 1, 2024/03/31, 20:16:25.109, 9367730597447, vstest.console.dll, AssemblyResolver.OnResolve: Resolved assembly: Microsoft.Diagnostics.NETCore.Client, from path: C:\Program Files\dotnet\sdk\8.0.202\Extensions\Microsoft.Diagnostics.NETCore.Client.dll
TpTrace Verbose: 0 : 11168, 1, 2024/03/31, 20:16:25.114, 9367730654288, vstest.console.dll, MetadataReaderExtensionsHelper: Discovering extensions inside assembly 'Microsoft.Diagnostics.NETCore.Client, Version=0.2.9.2401, Culture=neutral, PublicKeyToken=31bf3856ad364e35' file path 'C:\Program Files\dotnet\sdk\8.0.202\Extensions\Microsoft.Diagnostics.NETCore.Client.dll'
TpTrace Information: 0 : 11168, 1, 2024/03/31, 20:16:25.119, 9367730704927, vstest.console.dll, AssemblyResolver.OnResolve: Microsoft.Bcl.AsyncInterfaces: Resolving assembly.
TpTrace Information: 0 : 11168, 1, 2024/03/31, 20:16:25.119, 9367730706302, vstest.console.dll, AssemblyResolver.OnResolve: Microsoft.Bcl.AsyncInterfaces: Searching in: 'C:\Program Files\dotnet\sdk\8.0.202\Extensions'.
TpTrace Information: 0 : 11168, 1, 2024/03/31, 20:16:25.120, 9367730707671, vstest.console.dll, AssemblyResolver.OnResolve: Microsoft.Bcl.AsyncInterfaces: Assembly path does not exist: 'C:\Program Files\dotnet\sdk\8.0.202\Extensions\Microsoft.Bcl.AsyncInterfaces.dll', returning.
TpTrace Information: 0 : 11168, 1, 2024/03/31, 20:16:25.120, 9367730709150, vstest.console.dll, AssemblyResolver.OnResolve: Microsoft.Bcl.AsyncInterfaces: Assembly path does not exist: 'C:\Program Files\dotnet\sdk\8.0.202\Extensions\Microsoft.Bcl.AsyncInterfaces.exe', returning.
TpTrace Information: 0 : 11168, 1, 2024/03/31, 20:16:25.120, 9367730709711, vstest.console.dll, AssemblyResolver.OnResolve: Microsoft.Bcl.AsyncInterfaces: Searching in: 'C:\Program Files\dotnet\sdk\8.0.202'.
TpTrace Information: 0 : 11168, 1, 2024/03/31, 20:16:25.120, 9367730710689, vstest.console.dll, AssemblyResolver.OnResolve: Microsoft.Bcl.AsyncInterfaces: Assembly path does not exist: 'C:\Program Files\dotnet\sdk\8.0.202\Microsoft.Bcl.AsyncInterfaces.dll', returning.
TpTrace Information: 0 : 11168, 1, 2024/03/31, 20:16:25.120, 9367730711712, vstest.console.dll, AssemblyResolver.OnResolve: Microsoft.Bcl.AsyncInterfaces: Assembly path does not exist: 'C:\Program Files\dotnet\sdk\8.0.202\Microsoft.Bcl.AsyncInterfaces.exe', returning.
TpTrace Information: 0 : 11168, 1, 2024/03/31, 20:16:25.120, 9367730712222, vstest.console.dll, AssemblyResolver.OnResolve: Microsoft.Bcl.AsyncInterfaces: Failed to load assembly.
TpTrace Verbose: 0 : 11168, 1, 2024/03/31, 20:16:25.120, 9367730712763, vstest.console.dll, CurrentDomainAssemblyResolve: Resolving assembly 'Microsoft.Bcl.AsyncInterfaces'.
TpTrace Information: 0 : 11168, 1, 2024/03/31, 20:16:25.120, 9367730713591, vstest.console.dll, AssemblyResolver.OnResolve: Microsoft.Bcl.AsyncInterfaces: Resolving assembly.
TpTrace Information: 0 : 11168, 1, 2024/03/31, 20:16:25.120, 9367730714257, vstest.console.dll, AssemblyResolver.OnResolve: Microsoft.Bcl.AsyncInterfaces: Resolved from cache.
TpTrace Verbose: 0 : 11168, 1, 2024/03/31, 20:16:25.120, 9367730714732, vstest.console.dll, CurrentDomainAssemblyResolve: Resolving assembly 'Microsoft.Bcl.AsyncInterfaces'.
TpTrace Verbose: 0 : 11168, 1, 2024/03/31, 20:16:25.120, 9367730715276, vstest.console.dll, CurrentDomainAssemblyResolve: Failed to resolve assembly 'Microsoft.Bcl.AsyncInterfaces'.
TpTrace Verbose: 0 : 11168, 1, 2024/03/31, 20:16:25.126, 9367730771513, vstest.console.dll, CurrentDomainAssemblyResolve: Failed to resolve assembly 'Microsoft.Bcl.AsyncInterfaces'.
TpTrace Warning: 0 : 11168, 1, 2024/03/31, 20:16:25.150, 9367731008199, vstest.console.dll, TestPluginDiscoverer: Failed to get types from assembly 'Microsoft.Diagnostics.NETCore.Client, Version=0.2.9.2401, Culture=neutral, PublicKeyToken=31bf3856ad364e35'. Error: System.Reflection.ReflectionTypeLoadException: Unable to load one or more of the requested types.
Could not load file or assembly 'Microsoft.Bcl.AsyncInterfaces, Version=6.0.0.0, Culture=neutral, PublicKeyToken=cc7b13ffcd2ddd51'. O sistema não pode encontrar o arquivo especificado.
   at System.Reflection.RuntimeModule.GetTypes(RuntimeModule module)
   at System.Reflection.RuntimeModule.GetTypes()
   at Microsoft.VisualStudio.TestPlatform.Common.ExtensionFramework.TestPluginDiscoverer.GetTestExtensionsFromAssembly[TPluginInfo,TExtension](Assembly assembly, Dictionary`2 pluginInfos, String filePath) in /_/src/Microsoft.TestPlatform.Common/ExtensionFramework/TestPluginDiscoverer.cs:line 158
System.IO.FileNotFoundException: Could not load file or assembly 'Microsoft.Bcl.AsyncInterfaces, Version=6.0.0.0, Culture=neutral, PublicKeyToken=cc7b13ffcd2ddd51'. O sistema não pode encontrar o arquivo especificado.
File name: 'Microsoft.Bcl.AsyncInterfaces, Version=6.0.0.0, Culture=neutral, PublicKeyToken=cc7b13ffcd2ddd51'
 ---> System.IO.FileNotFoundException: Could not load file or assembly 'Microsoft.Bcl.AsyncInterfaces, Culture=neutral, PublicKeyToken=null'. O sistema não pode encontrar o arquivo especificado.
File name: 'Microsoft.Bcl.AsyncInterfaces, Culture=neutral, PublicKeyToken=null'
   at System.Reflection.RuntimeAssembly.InternalLoad(AssemblyName assemblyName, StackCrawlMark& stackMark, AssemblyLoadContext assemblyLoadContext, RuntimeAssembly requestingAssembly, Boolean throwOnFileNotFound)
   at System.Reflection.Assembly.Load(AssemblyName assemblyRef)
   at Microsoft.VisualStudio.TestPlatform.Common.ExtensionFramework.TestPluginCache.CurrentDomainAssemblyResolve(Object sender, AssemblyResolveEventArgs args) in /_/src/Microsoft.TestPlatform.Common/ExtensionFramework/TestPluginCache.cs:line 513
   at System.Runtime.Loader.AssemblyLoadContext.GetFirstResolvedAssemblyFromResolvingEvent(AssemblyName assemblyName)
   at System.Runtime.Loader.AssemblyLoadContext.ResolveUsingEvent(AssemblyName assemblyName)
   at System.Runtime.Loader.AssemblyLoadContext.ResolveUsingResolvingEvent(IntPtr gchManagedAssemblyLoadContext, AssemblyName assemblyName)
TpTrace Warning: 0 : 11168, 1, 2024/03/31, 20:16:25.150, 9367731014029, vstest.console.dll, LoaderExceptions: System.IO.FileNotFoundException: Could not load file or assembly 'Microsoft.Bcl.AsyncInterfaces, Version=6.0.0.0, Culture=neutral, PublicKeyToken=cc7b13ffcd2ddd51'. O sistema não pode encontrar o arquivo especificado.
File name: 'Microsoft.Bcl.AsyncInterfaces, Version=6.0.0.0, Culture=neutral, PublicKeyToken=cc7b13ffcd2ddd51'
 ---> System.IO.FileNotFoundException: Could not load file or assembly 'Microsoft.Bcl.AsyncInterfaces, Culture=neutral, PublicKeyToken=null'. O sistema não pode encontrar o arquivo especificado.
File name: 'Microsoft.Bcl.AsyncInterfaces, Culture=neutral, PublicKeyToken=null'
   at System.Reflection.RuntimeAssembly.InternalLoad(AssemblyName assemblyName, StackCrawlMark& stackMark, AssemblyLoadContext assemblyLoadContext, RuntimeAssembly requestingAssembly, Boolean throwOnFileNotFound)
   at System.Reflection.Assembly.Load(AssemblyName assemblyRef)
   at Microsoft.VisualStudio.TestPlatform.Common.ExtensionFramework.TestPluginCache.CurrentDomainAssemblyResolve(Object sender, AssemblyResolveEventArgs args) in /_/src/Microsoft.TestPlatform.Common/ExtensionFramework/TestPluginCache.cs:line 513
   at System.Runtime.Loader.AssemblyLoadContext.GetFirstResolvedAssemblyFromResolvingEvent(AssemblyName assemblyName)
   at System.Runtime.Loader.AssemblyLoadContext.ResolveUsingEvent(AssemblyName assemblyName)
   at System.Runtime.Loader.AssemblyLoadContext.ResolveUsingResolvingEvent(IntPtr gchManagedAssemblyLoadContext, AssemblyName assemblyName)
TpTrace Information: 0 : 11168, 1, 2024/03/31, 20:16:25.150, 9367731015925, vstest.console.dll, AssemblyResolver.OnResolve: Microsoft.TestPlatform.Extensions.BlameDataCollector: Resolving assembly.
TpTrace Information: 0 : 11168, 1, 2024/03/31, 20:16:25.151, 9367731016704, vstest.console.dll, AssemblyResolver.OnResolve: Microsoft.TestPlatform.Extensions.BlameDataCollector: Searching in: 'C:\Program Files\dotnet\sdk\8.0.202\Extensions'.
TpTrace Information: 0 : 11168, 1, 2024/03/31, 20:16:25.153, 9367731039473, vstest.console.dll, AssemblyResolver.OnResolve: Microsoft.TestPlatform.Extensions.BlameDataCollector: Loading assembly 'C:\Program Files\dotnet\sdk\8.0.202\Extensions\Microsoft.TestPlatform.Extensions.BlameDataCollector.dll'.
TpTrace Information: 0 : 11168, 1, 2024/03/31, 20:16:25.156, 9367731066808, vstest.console.dll, AssemblyResolver.OnResolve: Resolved assembly: Microsoft.TestPlatform.Extensions.BlameDataCollector, from path: C:\Program Files\dotnet\sdk\8.0.202\Extensions\Microsoft.TestPlatform.Extensions.BlameDataCollector.dll
TpTrace Verbose: 0 : 11168, 1, 2024/03/31, 20:16:25.156, 9367731068253, vstest.console.dll, MetadataReaderExtensionsHelper: Discovering extensions inside assembly 'Microsoft.TestPlatform.Extensions.BlameDataCollector, Version=15.0.0.0, Culture=neutral, PublicKeyToken=b03f5f7f11d50a3a' file path 'C:\Program Files\dotnet\sdk\8.0.202\Extensions\Microsoft.TestPlatform.Extensions.BlameDataCollector.dll'
TpTrace Information: 0 : 11168, 1, 2024/03/31, 20:16:25.160, 9367731108241, vstest.console.dll, AssemblyResolver.OnResolve: Microsoft.TestPlatform.Extensions.EventLogCollector: Resolving assembly.
TpTrace Information: 0 : 11168, 1, 2024/03/31, 20:16:25.160, 9367731110322, vstest.console.dll, AssemblyResolver.OnResolve: Microsoft.TestPlatform.Extensions.EventLogCollector: Searching in: 'C:\Program Files\dotnet\sdk\8.0.202\Extensions'.
TpTrace Information: 0 : 11168, 1, 2024/03/31, 20:16:25.162, 9367731128306, vstest.console.dll, AssemblyResolver.OnResolve: Microsoft.TestPlatform.Extensions.EventLogCollector: Loading assembly 'C:\Program Files\dotnet\sdk\8.0.202\Extensions\Microsoft.TestPlatform.Extensions.EventLogCollector.dll'.
TpTrace Information: 0 : 11168, 1, 2024/03/31, 20:16:25.162, 9367731136162, vstest.console.dll, AssemblyResolver.OnResolve: Resolved assembly: Microsoft.TestPlatform.Extensions.EventLogCollector, from path: C:\Program Files\dotnet\sdk\8.0.202\Extensions\Microsoft.TestPlatform.Extensions.EventLogCollector.dll
TpTrace Verbose: 0 : 11168, 1, 2024/03/31, 20:16:25.163, 9367731137079, vstest.console.dll, MetadataReaderExtensionsHelper: Discovering extensions inside assembly 'Microsoft.TestPlatform.Extensions.EventLogCollector, Version=15.0.0.0, Culture=neutral, PublicKeyToken=b03f5f7f11d50a3a' file path 'C:\Program Files\dotnet\sdk\8.0.202\Extensions\Microsoft.TestPlatform.Extensions.EventLogCollector.dll'
TpTrace Information: 0 : 11168, 1, 2024/03/31, 20:16:25.168, 9367731189061, vstest.console.dll, AssemblyResolver.OnResolve: Microsoft.TestPlatform.TestHostRuntimeProvider: Resolving assembly.
TpTrace Information: 0 : 11168, 1, 2024/03/31, 20:16:25.168, 9367731189887, vstest.console.dll, AssemblyResolver.OnResolve: Microsoft.TestPlatform.TestHostRuntimeProvider: Searching in: 'C:\Program Files\dotnet\sdk\8.0.202\Extensions'.
TpTrace Information: 0 : 11168, 1, 2024/03/31, 20:16:25.169, 9367731203283, vstest.console.dll, AssemblyResolver.OnResolve: Microsoft.TestPlatform.TestHostRuntimeProvider: Loading assembly 'C:\Program Files\dotnet\sdk\8.0.202\Extensions\Microsoft.TestPlatform.TestHostRuntimeProvider.dll'.
TpTrace Information: 0 : 11168, 1, 2024/03/31, 20:16:25.171, 9367731217621, vstest.console.dll, AssemblyResolver.OnResolve: Resolved assembly: Microsoft.TestPlatform.TestHostRuntimeProvider, from path: C:\Program Files\dotnet\sdk\8.0.202\Extensions\Microsoft.TestPlatform.TestHostRuntimeProvider.dll
TpTrace Verbose: 0 : 11168, 1, 2024/03/31, 20:16:25.171, 9367731218698, vstest.console.dll, MetadataReaderExtensionsHelper: Discovering extensions inside assembly 'Microsoft.TestPlatform.TestHostRuntimeProvider, Version=15.0.0.0, Culture=neutral, PublicKeyToken=b03f5f7f11d50a3a' file path 'C:\Program Files\dotnet\sdk\8.0.202\Extensions\Microsoft.TestPlatform.TestHostRuntimeProvider.dll'
TpTrace Information: 0 : 11168, 1, 2024/03/31, 20:16:25.174, 9367731247479, vstest.console.dll, GetTestExtensionFromType: Register extension with identifier data 'HostProvider://DefaultTestHost' and type 'Microsoft.VisualStudio.TestPlatform.CrossPlatEngine.Hosting.DefaultTestHostManager, Microsoft.TestPlatform.TestHostRuntimeProvider, Version=15.0.0.0, Culture=neutral, PublicKeyToken=b03f5f7f11d50a3a' inside file 'C:\Program Files\dotnet\sdk\8.0.202\Extensions\Microsoft.TestPlatform.TestHostRuntimeProvider.dll'
TpTrace Information: 0 : 11168, 1, 2024/03/31, 20:16:25.174, 9367731250640, vstest.console.dll, GetTestExtensionFromType: Register extension with identifier data 'HostProvider://DotnetTestHost' and type 'Microsoft.VisualStudio.TestPlatform.CrossPlatEngine.Hosting.DotnetTestHostManager, Microsoft.TestPlatform.TestHostRuntimeProvider, Version=15.0.0.0, Culture=neutral, PublicKeyToken=b03f5f7f11d50a3a' inside file 'C:\Program Files\dotnet\sdk\8.0.202\Extensions\Microsoft.TestPlatform.TestHostRuntimeProvider.dll'
TpTrace Information: 0 : 11168, 1, 2024/03/31, 20:16:25.174, 9367731251628, vstest.console.dll, AssemblyResolver.OnResolve: Microsoft.VisualStudio.TestPlatform.Extensions.Html.TestLogger: Resolving assembly.
TpTrace Information: 0 : 11168, 1, 2024/03/31, 20:16:25.174, 9367731252290, vstest.console.dll, AssemblyResolver.OnResolve: Microsoft.VisualStudio.TestPlatform.Extensions.Html.TestLogger: Searching in: 'C:\Program Files\dotnet\sdk\8.0.202\Extensions'.
TpTrace Information: 0 : 11168, 1, 2024/03/31, 20:16:25.175, 9367731266279, vstest.console.dll, AssemblyResolver.OnResolve: Microsoft.VisualStudio.TestPlatform.Extensions.Html.TestLogger: Loading assembly 'C:\Program Files\dotnet\sdk\8.0.202\Extensions\Microsoft.VisualStudio.TestPlatform.Extensions.Html.TestLogger.dll'.
TpTrace Information: 0 : 11168, 1, 2024/03/31, 20:16:25.177, 9367731280614, vstest.console.dll, AssemblyResolver.OnResolve: Resolved assembly: Microsoft.VisualStudio.TestPlatform.Extensions.Html.TestLogger, from path: C:\Program Files\dotnet\sdk\8.0.202\Extensions\Microsoft.VisualStudio.TestPlatform.Extensions.Html.TestLogger.dll
TpTrace Verbose: 0 : 11168, 1, 2024/03/31, 20:16:25.177, 9367731281609, vstest.console.dll, MetadataReaderExtensionsHelper: Discovering extensions inside assembly 'Microsoft.VisualStudio.TestPlatform.Extensions.Html.TestLogger, Version=15.0.0.0, Culture=neutral, PublicKeyToken=b03f5f7f11d50a3a' file path 'C:\Program Files\dotnet\sdk\8.0.202\Extensions\Microsoft.VisualStudio.TestPlatform.Extensions.Html.TestLogger.dll'
TpTrace Information: 0 : 11168, 1, 2024/03/31, 20:16:25.179, 9367731297967, vstest.console.dll, AssemblyResolver.OnResolve: Microsoft.VisualStudio.TestPlatform.Extensions.Trx.TestLogger: Resolving assembly.
TpTrace Information: 0 : 11168, 1, 2024/03/31, 20:16:25.179, 9367731298909, vstest.console.dll, AssemblyResolver.OnResolve: Microsoft.VisualStudio.TestPlatform.Extensions.Trx.TestLogger: Searching in: 'C:\Program Files\dotnet\sdk\8.0.202\Extensions'.
TpTrace Information: 0 : 11168, 1, 2024/03/31, 20:16:25.181, 9367731320932, vstest.console.dll, AssemblyResolver.OnResolve: Microsoft.VisualStudio.TestPlatform.Extensions.Trx.TestLogger: Loading assembly 'C:\Program Files\dotnet\sdk\8.0.202\Extensions\Microsoft.VisualStudio.TestPlatform.Extensions.Trx.TestLogger.dll'.
TpTrace Information: 0 : 11168, 1, 2024/03/31, 20:16:25.183, 9367731346429, vstest.console.dll, AssemblyResolver.OnResolve: Resolved assembly: Microsoft.VisualStudio.TestPlatform.Extensions.Trx.TestLogger, from path: C:\Program Files\dotnet\sdk\8.0.202\Extensions\Microsoft.VisualStudio.TestPlatform.Extensions.Trx.TestLogger.dll
TpTrace Verbose: 0 : 11168, 1, 2024/03/31, 20:16:25.184, 9367731347589, vstest.console.dll, MetadataReaderExtensionsHelper: Discovering extensions inside assembly 'Microsoft.VisualStudio.TestPlatform.Extensions.Trx.TestLogger, Version=15.0.0.0, Culture=neutral, PublicKeyToken=b03f5f7f11d50a3a' file path 'C:\Program Files\dotnet\sdk\8.0.202\Extensions\Microsoft.VisualStudio.TestPlatform.Extensions.Trx.TestLogger.dll'
TpTrace Verbose: 0 : 11168, 1, 2024/03/31, 20:16:25.186, 9367731375236, vstest.console.dll, TestPluginCache: Discovered the extensions using extension path ''.
TpTrace Verbose: 0 : 11168, 1, 2024/03/31, 20:16:25.186, 9367731376108, vstest.console.dll, TestPluginCache: Discoverers are ''.
TpTrace Verbose: 0 : 11168, 1, 2024/03/31, 20:16:25.187, 9367731376682, vstest.console.dll, TestPluginCache: Executors are ''.
TpTrace Verbose: 0 : 11168, 1, 2024/03/31, 20:16:25.187, 9367731377159, vstest.console.dll, TestPluginCache: Executors2 are ''.
TpTrace Verbose: 0 : 11168, 1, 2024/03/31, 20:16:25.187, 9367731377595, vstest.console.dll, TestPluginCache: Setting providers are ''.
TpTrace Verbose: 0 : 11168, 1, 2024/03/31, 20:16:25.187, 9367731378023, vstest.console.dll, TestPluginCache: Loggers are ''.
TpTrace Verbose: 0 : 11168, 1, 2024/03/31, 20:16:25.187, 9367731380396, vstest.console.dll, TestPluginCache: TestHosts are 'HostProvider://DefaultTestHost,HostProvider://DotnetTestHost'.
TpTrace Verbose: 0 : 11168, 1, 2024/03/31, 20:16:25.187, 9367731380960, vstest.console.dll, TestPluginCache: DataCollectors are ''.
TpTrace Information: 0 : 11168, 1, 2024/03/31, 20:16:25.226, 9367731774220, vstest.console.dll, RunTestsArgumentProcessor:Execute: Test run is starting.
TpTrace Verbose: 0 : 11168, 1, 2024/03/31, 20:16:25.226, 9367731775290, vstest.console.dll, RunTestsArgumentProcessor:Execute: Queuing Test run.
TpTrace Information: 0 : 11168, 1, 2024/03/31, 20:16:25.227, 9367731777937, vstest.console.dll, TestRequestManager.RunTests: run tests started.
TpTrace Information: 0 : 11168, 1, 2024/03/31, 20:16:25.228, 9367731791304, vstest.console.dll, AssemblyMetadataProvider.GetFrameworkName: Determined framework:'.NETCoreApp,Version=v8.0' for source: 'C:\Users\Usuario\Documents\Curso CSharp Ada\Ecommerce\back-end-ecommerce\Ecommerce.Test\bin\Debug\net8.0\fine-code-coverage\build-output\Ecommerce.Test.dll'
TpTrace Information: 0 : 11168, 1, 2024/03/31, 20:16:25.228, 9367731793141, vstest.console.dll, Determined framework for all sources: .NETCoreApp,Version=v8.0
TpTrace Verbose: 0 : 11168, 1, 2024/03/31, 20:16:25.229, 9367731796985, vstest.console.dll, TestRequestManager.UpdateRunSettingsIfRequired: Default architecture: X64 IsDefaultTargetArchitecture: True, Current process architecture: X64 OperatingSystem: Windows.
TpTrace Information: 0 : 11168, 1, 2024/03/31, 20:16:25.230, 9367731814986, vstest.console.dll, AssemblyMetadataProvider.GetArchitecture: Determined architecture:AnyCPU info for assembly: C:\Users\Usuario\Documents\Curso CSharp Ada\Ecommerce\back-end-ecommerce\Ecommerce.Test\bin\Debug\net8.0\fine-code-coverage\build-output\Ecommerce.Test.dll
TpTrace Information: 0 : 11168, 1, 2024/03/31, 20:16:25.230, 9367731815632, vstest.console.dll, Determined platform for source 'C:\Users\Usuario\Documents\Curso CSharp Ada\Ecommerce\back-end-ecommerce\Ecommerce.Test\bin\Debug\net8.0\fine-code-coverage\build-output\Ecommerce.Test.dll' was AnyCPU and it will use the default plaform X64.
TpTrace Information: 0 : 11168, 1, 2024/03/31, 20:16:25.230, 9367731816122, vstest.console.dll, None of the sources provided any runnable platform, using the default platform: X64
TpTrace Information: 0 : 11168, 1, 2024/03/31, 20:16:25.231, 9367731817207, vstest.console.dll, Platform was updated to 'X64'.
TpTrace Information: 0 : 11168, 1, 2024/03/31, 20:16:25.234, 9367731855261, vstest.console.dll, InferRunSettingsHelper.IsTestSettingsEnabled: Unable to navigate to RunSettings/MSTest. Current node: RunSettings
TpTrace Information: 0 : 11168, 1, 2024/03/31, 20:16:25.235, 9367731861919, vstest.console.dll, AssemblyResolver.OnResolve: Microsoft.VisualStudio.TestPlatform.Fakes: Resolving assembly.
TpTrace Information: 0 : 11168, 1, 2024/03/31, 20:16:25.235, 9367731862741, vstest.console.dll, AssemblyResolver.OnResolve: Microsoft.VisualStudio.TestPlatform.Fakes: Searching in: 'C:\Program Files\dotnet\sdk\8.0.202\Extensions'.
TpTrace Information: 0 : 11168, 1, 2024/03/31, 20:16:25.235, 9367731863901, vstest.console.dll, AssemblyResolver.OnResolve: Microsoft.VisualStudio.TestPlatform.Fakes: Assembly path does not exist: 'C:\Program Files\dotnet\sdk\8.0.202\Extensions\Microsoft.VisualStudio.TestPlatform.Fakes.dll', returning.
TpTrace Information: 0 : 11168, 1, 2024/03/31, 20:16:25.235, 9367731864903, vstest.console.dll, AssemblyResolver.OnResolve: Microsoft.VisualStudio.TestPlatform.Fakes: Assembly path does not exist: 'C:\Program Files\dotnet\sdk\8.0.202\Extensions\Microsoft.VisualStudio.TestPlatform.Fakes.exe', returning.
TpTrace Information: 0 : 11168, 1, 2024/03/31, 20:16:25.235, 9367731865397, vstest.console.dll, AssemblyResolver.OnResolve: Microsoft.VisualStudio.TestPlatform.Fakes: Searching in: 'C:\Program Files\dotnet\sdk\8.0.202'.
TpTrace Information: 0 : 11168, 1, 2024/03/31, 20:16:25.235, 9367731866257, vstest.console.dll, AssemblyResolver.OnResolve: Microsoft.VisualStudio.TestPlatform.Fakes: Assembly path does not exist: 'C:\Program Files\dotnet\sdk\8.0.202\Microsoft.VisualStudio.TestPlatform.Fakes.dll', returning.
TpTrace Information: 0 : 11168, 1, 2024/03/31, 20:16:25.236, 9367731867178, vstest.console.dll, AssemblyResolver.OnResolve: Microsoft.VisualStudio.TestPlatform.Fakes: Assembly path does not exist: 'C:\Program Files\dotnet\sdk\8.0.202\Microsoft.VisualStudio.TestPlatform.Fakes.exe', returning.
TpTrace Information: 0 : 11168, 1, 2024/03/31, 20:16:25.236, 9367731867665, vstest.console.dll, AssemblyResolver.OnResolve: Microsoft.VisualStudio.TestPlatform.Fakes: Failed to load assembly.
TpTrace Information: 0 : 11168, 1, 2024/03/31, 20:16:25.236, 9367731870774, vstest.console.dll, Failed to load assembly Microsoft.VisualStudio.TestPlatform.Fakes, Version=17.0.0.0, Culture=neutral. Reason:System.IO.FileNotFoundException: Could not load file or assembly 'Microsoft.VisualStudio.TestPlatform.Fakes, Version=17.0.0.0, Culture=neutral, PublicKeyToken=null'. O sistema não pode encontrar o arquivo especificado.
File name: 'Microsoft.VisualStudio.TestPlatform.Fakes, Version=17.0.0.0, Culture=neutral, PublicKeyToken=null'
   at System.Reflection.RuntimeAssembly.InternalLoad(AssemblyName assemblyName, StackCrawlMark& stackMark, AssemblyLoadContext assemblyLoadContext, RuntimeAssembly requestingAssembly, Boolean throwOnFileNotFound)
   at System.Reflection.Assembly.Load(AssemblyName assemblyRef)
   at Microsoft.VisualStudio.TestPlatform.Common.Utilities.FakesUtilities.LoadTestPlatformAssembly() in /_/src/Microsoft.TestPlatform.Common/Utilities/FakesUtilities.cs:line 272
TpTrace Verbose: 0 : 11168, 1, 2024/03/31, 20:16:25.241, 9367731916778, vstest.console.dll, TestPluginCache.DiscoverTestExtensions: finding test extensions in assemblies ends with: TestLogger.dll TPluginInfo: Microsoft.VisualStudio.TestPlatform.Common.ExtensionFramework.Utilities.TestLoggerPluginInformation TExtension: Microsoft.VisualStudio.TestPlatform.ObjectModel.Client.ITestLogger
TpTrace Verbose: 0 : 11168, 1, 2024/03/31, 20:16:25.241, 9367731917869, vstest.console.dll, TestPluginCache.GetExtensionPaths: Filtered extension paths: 
TpTrace Verbose: 0 : 11168, 1, 2024/03/31, 20:16:25.241, 9367731918400, vstest.console.dll, TestPluginCache.GetExtensionPaths: Added default extension paths: C:\Program Files\dotnet\sdk\8.0.202\Extensions\Microsoft.Diagnostics.NETCore.Client.dll
C:\Program Files\dotnet\sdk\8.0.202\Extensions\Microsoft.TestPlatform.Extensions.BlameDataCollector.dll
C:\Program Files\dotnet\sdk\8.0.202\Extensions\Microsoft.TestPlatform.Extensions.EventLogCollector.dll
C:\Program Files\dotnet\sdk\8.0.202\Extensions\Microsoft.TestPlatform.TestHostRuntimeProvider.dll
C:\Program Files\dotnet\sdk\8.0.202\Extensions\Microsoft.VisualStudio.TestPlatform.Extensions.Html.TestLogger.dll
C:\Program Files\dotnet\sdk\8.0.202\Extensions\Microsoft.VisualStudio.TestPlatform.Extensions.Trx.TestLogger.dll
TpTrace Verbose: 0 : 11168, 1, 2024/03/31, 20:16:25.241, 9367731918957, vstest.console.dll, TestPluginCache.GetExtensionPaths: Added unfilterableExtensionPaths: 
TpTrace Information: 0 : 11168, 1, 2024/03/31, 20:16:25.241, 9367731920515, vstest.console.dll, AssemblyResolver.AddSearchDirectories: Adding more searchDirectories C:\Program Files\dotnet\sdk\8.0.202\Extensions,C:\Program Files\dotnet\sdk\8.0.202
TpTrace Verbose: 0 : 11168, 1, 2024/03/31, 20:16:25.241, 9367731921110, vstest.console.dll, TestPluginCache.DiscoverTestExtensions: Discovering the extensions using extension path.
TpTrace Verbose: 0 : 11168, 1, 2024/03/31, 20:16:25.241, 9367731921705, vstest.console.dll, TestPluginCache.GetExtensionPaths: Filtered extension paths: 
TpTrace Verbose: 0 : 11168, 1, 2024/03/31, 20:16:25.241, 9367731922166, vstest.console.dll, TestPluginCache.GetExtensionPaths: Added default extension paths: C:\Program Files\dotnet\sdk\8.0.202\Extensions\Microsoft.Diagnostics.NETCore.Client.dll
C:\Program Files\dotnet\sdk\8.0.202\Extensions\Microsoft.TestPlatform.Extensions.BlameDataCollector.dll
C:\Program Files\dotnet\sdk\8.0.202\Extensions\Microsoft.TestPlatform.Extensions.EventLogCollector.dll
C:\Program Files\dotnet\sdk\8.0.202\Extensions\Microsoft.TestPlatform.TestHostRuntimeProvider.dll
C:\Program Files\dotnet\sdk\8.0.202\Extensions\Microsoft.VisualStudio.TestPlatform.Extensions.Html.TestLogger.dll
C:\Program Files\dotnet\sdk\8.0.202\Extensions\Microsoft.VisualStudio.TestPlatform.Extensions.Trx.TestLogger.dll
TpTrace Verbose: 0 : 11168, 1, 2024/03/31, 20:16:25.241, 9367731922698, vstest.console.dll, TestPluginCache.GetExtensionPaths: Added unfilterableExtensionPaths: 
TpTrace Verbose: 0 : 11168, 1, 2024/03/31, 20:16:25.241, 9367731923720, vstest.console.dll, TestPluginCache.DiscoverTestExtensions: Discovering the extensions using allExtensionPaths: C:\Program Files\dotnet\sdk\8.0.202\Extensions\Microsoft.Diagnostics.NETCore.Client.dll
C:\Program Files\dotnet\sdk\8.0.202\Extensions\Microsoft.TestPlatform.Extensions.BlameDataCollector.dll
C:\Program Files\dotnet\sdk\8.0.202\Extensions\Microsoft.TestPlatform.Extensions.EventLogCollector.dll
C:\Program Files\dotnet\sdk\8.0.202\Extensions\Microsoft.TestPlatform.TestHostRuntimeProvider.dll
C:\Program Files\dotnet\sdk\8.0.202\Extensions\Microsoft.VisualStudio.TestPlatform.Extensions.Html.TestLogger.dll
C:\Program Files\dotnet\sdk\8.0.202\Extensions\Microsoft.VisualStudio.TestPlatform.Extensions.Trx.TestLogger.dll
TpTrace Information: 0 : 11168, 1, 2024/03/31, 20:16:25.241, 9367731924518, vstest.console.dll, AssemblyResolver.AddSearchDirectories: Adding more searchDirectories C:\Program Files\dotnet\sdk\8.0.202\Extensions,C:\Program Files\dotnet\sdk\8.0.202
TpTrace Information: 0 : 11168, 1, 2024/03/31, 20:16:25.241, 9367731925064, vstest.console.dll, AssemblyResolver.AddSearchDirectories: Adding more searchDirectories C:\Program Files\dotnet\sdk\8.0.202\Extensions,C:\Program Files\dotnet\sdk\8.0.202
TpTrace Information: 0 : 11168, 1, 2024/03/31, 20:16:25.241, 9367731925575, vstest.console.dll, AssemblyResolver.AddSearchDirectories: Adding more searchDirectories C:\Program Files\dotnet\sdk\8.0.202\Extensions,C:\Program Files\dotnet\sdk\8.0.202
TpTrace Information: 0 : 11168, 1, 2024/03/31, 20:16:25.241, 9367731926131, vstest.console.dll, AssemblyResolver.AddSearchDirectories: Adding more searchDirectories C:\Program Files\dotnet\sdk\8.0.202\Extensions,C:\Program Files\dotnet\sdk\8.0.202
TpTrace Information: 0 : 11168, 1, 2024/03/31, 20:16:25.242, 9367731926640, vstest.console.dll, AssemblyResolver.AddSearchDirectories: Adding more searchDirectories C:\Program Files\dotnet\sdk\8.0.202\Extensions,C:\Program Files\dotnet\sdk\8.0.202
TpTrace Information: 0 : 11168, 1, 2024/03/31, 20:16:25.242, 9367731927243, vstest.console.dll, AssemblyResolver.AddSearchDirectories: Adding more searchDirectories C:\Program Files\dotnet\sdk\8.0.202\Extensions,C:\Program Files\dotnet\sdk\8.0.202
TpTrace Verbose: 0 : 11168, 1, 2024/03/31, 20:16:25.242, 9367731928626, vstest.console.dll, MetadataReaderExtensionsHelper: Discovering extensions inside assembly 'Microsoft.Diagnostics.NETCore.Client, Version=0.2.9.2401, Culture=neutral, PublicKeyToken=31bf3856ad364e35' file path 'C:\Program Files\dotnet\sdk\8.0.202\Extensions\Microsoft.Diagnostics.NETCore.Client.dll'
TpTrace Information: 0 : 11168, 1, 2024/03/31, 20:16:25.243, 9367731941522, vstest.console.dll, AssemblyResolver.OnResolve: Microsoft.Bcl.AsyncInterfaces: Resolving assembly.
TpTrace Information: 0 : 11168, 1, 2024/03/31, 20:16:25.243, 9367731942192, vstest.console.dll, AssemblyResolver.OnResolve: Microsoft.Bcl.AsyncInterfaces: Resolved from cache.
TpTrace Verbose: 0 : 11168, 1, 2024/03/31, 20:16:25.243, 9367731942683, vstest.console.dll, CurrentDomainAssemblyResolve: Resolving assembly 'Microsoft.Bcl.AsyncInterfaces'.
TpTrace Information: 0 : 11168, 1, 2024/03/31, 20:16:25.243, 9367731943332, vstest.console.dll, AssemblyResolver.OnResolve: Microsoft.Bcl.AsyncInterfaces: Resolving assembly.
TpTrace Information: 0 : 11168, 1, 2024/03/31, 20:16:25.243, 9367731943872, vstest.console.dll, AssemblyResolver.OnResolve: Microsoft.Bcl.AsyncInterfaces: Resolved from cache.
TpTrace Verbose: 0 : 11168, 1, 2024/03/31, 20:16:25.243, 9367731944317, vstest.console.dll, CurrentDomainAssemblyResolve: Resolving assembly 'Microsoft.Bcl.AsyncInterfaces'.
TpTrace Verbose: 0 : 11168, 1, 2024/03/31, 20:16:25.243, 9367731944747, vstest.console.dll, CurrentDomainAssemblyResolve: Failed to resolve assembly 'Microsoft.Bcl.AsyncInterfaces'.
TpTrace Verbose: 0 : 11168, 1, 2024/03/31, 20:16:25.244, 9367731946473, vstest.console.dll, CurrentDomainAssemblyResolve: Failed to resolve assembly 'Microsoft.Bcl.AsyncInterfaces'.
TpTrace Warning: 0 : 11168, 1, 2024/03/31, 20:16:25.244, 9367731950589, vstest.console.dll, TestPluginDiscoverer: Failed to get types from assembly 'Microsoft.Diagnostics.NETCore.Client, Version=0.2.9.2401, Culture=neutral, PublicKeyToken=31bf3856ad364e35'. Error: System.Reflection.ReflectionTypeLoadException: Unable to load one or more of the requested types.
Could not load file or assembly 'Microsoft.Bcl.AsyncInterfaces, Version=6.0.0.0, Culture=neutral, PublicKeyToken=cc7b13ffcd2ddd51'. O sistema não pode encontrar o arquivo especificado.
   at System.Reflection.RuntimeModule.GetTypes(RuntimeModule module)
   at System.Reflection.RuntimeModule.GetTypes()
   at Microsoft.VisualStudio.TestPlatform.Common.ExtensionFramework.TestPluginDiscoverer.GetTestExtensionsFromAssembly[TPluginInfo,TExtension](Assembly assembly, Dictionary`2 pluginInfos, String filePath) in /_/src/Microsoft.TestPlatform.Common/ExtensionFramework/TestPluginDiscoverer.cs:line 158
System.IO.FileNotFoundException: Could not load file or assembly 'Microsoft.Bcl.AsyncInterfaces, Version=6.0.0.0, Culture=neutral, PublicKeyToken=cc7b13ffcd2ddd51'. O sistema não pode encontrar o arquivo especificado.
File name: 'Microsoft.Bcl.AsyncInterfaces, Version=6.0.0.0, Culture=neutral, PublicKeyToken=cc7b13ffcd2ddd51'
 ---> System.IO.FileNotFoundException: Could not load file or assembly 'Microsoft.Bcl.AsyncInterfaces, Culture=neutral, PublicKeyToken=null'. O sistema não pode encontrar o arquivo especificado.
File name: 'Microsoft.Bcl.AsyncInterfaces, Culture=neutral, PublicKeyToken=null'
   at System.Reflection.RuntimeAssembly.InternalLoad(AssemblyName assemblyName, StackCrawlMark& stackMark, AssemblyLoadContext assemblyLoadContext, RuntimeAssembly requestingAssembly, Boolean throwOnFileNotFound)
   at System.Reflection.Assembly.Load(AssemblyName assemblyRef)
   at Microsoft.VisualStudio.TestPlatform.Common.ExtensionFramework.TestPluginCache.CurrentDomainAssemblyResolve(Object sender, AssemblyResolveEventArgs args) in /_/src/Microsoft.TestPlatform.Common/ExtensionFramework/TestPluginCache.cs:line 513
   at System.Runtime.Loader.AssemblyLoadContext.GetFirstResolvedAssemblyFromResolvingEvent(AssemblyName assemblyName)
   at System.Runtime.Loader.AssemblyLoadContext.ResolveUsingEvent(AssemblyName assemblyName)
   at System.Runtime.Loader.AssemblyLoadContext.ResolveUsingResolvingEvent(IntPtr gchManagedAssemblyLoadContext, AssemblyName assemblyName)
TpTrace Warning: 0 : 11168, 1, 2024/03/31, 20:16:25.244, 9367731952657, vstest.console.dll, LoaderExceptions: System.IO.FileNotFoundException: Could not load file or assembly 'Microsoft.Bcl.AsyncInterfaces, Version=6.0.0.0, Culture=neutral, PublicKeyToken=cc7b13ffcd2ddd51'. O sistema não pode encontrar o arquivo especificado.
File name: 'Microsoft.Bcl.AsyncInterfaces, Version=6.0.0.0, Culture=neutral, PublicKeyToken=cc7b13ffcd2ddd51'
 ---> System.IO.FileNotFoundException: Could not load file or assembly 'Microsoft.Bcl.AsyncInterfaces, Culture=neutral, PublicKeyToken=null'. O sistema não pode encontrar o arquivo especificado.
File name: 'Microsoft.Bcl.AsyncInterfaces, Culture=neutral, PublicKeyToken=null'
   at System.Reflection.RuntimeAssembly.InternalLoad(AssemblyName assemblyName, StackCrawlMark& stackMark, AssemblyLoadContext assemblyLoadContext, RuntimeAssembly requestingAssembly, Boolean throwOnFileNotFound)
   at System.Reflection.Assembly.Load(AssemblyName assemblyRef)
   at Microsoft.VisualStudio.TestPlatform.Common.ExtensionFramework.TestPluginCache.CurrentDomainAssemblyResolve(Object sender, AssemblyResolveEventArgs args) in /_/src/Microsoft.TestPlatform.Common/ExtensionFramework/TestPluginCache.cs:line 513
   at System.Runtime.Loader.AssemblyLoadContext.GetFirstResolvedAssemblyFromResolvingEvent(AssemblyName assemblyName)
   at System.Runtime.Loader.AssemblyLoadContext.ResolveUsingEvent(AssemblyName assemblyName)
   at System.Runtime.Loader.AssemblyLoadContext.ResolveUsingResolvingEvent(IntPtr gchManagedAssemblyLoadContext, AssemblyName assemblyName)
TpTrace Verbose: 0 : 11168, 1, 2024/03/31, 20:16:25.244, 9367731953753, vstest.console.dll, MetadataReaderExtensionsHelper: Discovering extensions inside assembly 'Microsoft.TestPlatform.Extensions.BlameDataCollector, Version=15.0.0.0, Culture=neutral, PublicKeyToken=b03f5f7f11d50a3a' file path 'C:\Program Files\dotnet\sdk\8.0.202\Extensions\Microsoft.TestPlatform.Extensions.BlameDataCollector.dll'
TpTrace Information: 0 : 11168, 1, 2024/03/31, 20:16:25.245, 9367731962768, vstest.console.dll, GetTestExtensionFromType: Register extension with identifier data 'logger://Microsoft/TestPlatform/Extensions/Blame/v1' and type 'Microsoft.TestPlatform.Extensions.BlameDataCollector.BlameLogger, Microsoft.TestPlatform.Extensions.BlameDataCollector, Version=15.0.0.0, Culture=neutral, PublicKeyToken=b03f5f7f11d50a3a' inside file 'C:\Program Files\dotnet\sdk\8.0.202\Extensions\Microsoft.TestPlatform.Extensions.BlameDataCollector.dll'
TpTrace Verbose: 0 : 11168, 1, 2024/03/31, 20:16:25.245, 9367731963575, vstest.console.dll, MetadataReaderExtensionsHelper: Discovering extensions inside assembly 'Microsoft.TestPlatform.Extensions.EventLogCollector, Version=15.0.0.0, Culture=neutral, PublicKeyToken=b03f5f7f11d50a3a' file path 'C:\Program Files\dotnet\sdk\8.0.202\Extensions\Microsoft.TestPlatform.Extensions.EventLogCollector.dll'
TpTrace Verbose: 0 : 11168, 1, 2024/03/31, 20:16:25.246, 9367731970580, vstest.console.dll, MetadataReaderExtensionsHelper: Discovering extensions inside assembly 'Microsoft.TestPlatform.TestHostRuntimeProvider, Version=15.0.0.0, Culture=neutral, PublicKeyToken=b03f5f7f11d50a3a' file path 'C:\Program Files\dotnet\sdk\8.0.202\Extensions\Microsoft.TestPlatform.TestHostRuntimeProvider.dll'
TpTrace Verbose: 0 : 11168, 1, 2024/03/31, 20:16:25.247, 9367731977594, vstest.console.dll, MetadataReaderExtensionsHelper: Discovering extensions inside assembly 'Microsoft.VisualStudio.TestPlatform.Extensions.Html.TestLogger, Version=15.0.0.0, Culture=neutral, PublicKeyToken=b03f5f7f11d50a3a' file path 'C:\Program Files\dotnet\sdk\8.0.202\Extensions\Microsoft.VisualStudio.TestPlatform.Extensions.Html.TestLogger.dll'
TpTrace Information: 0 : 11168, 1, 2024/03/31, 20:16:25.248, 9367731987028, vstest.console.dll, GetTestExtensionFromType: Register extension with identifier data 'logger://Microsoft/TestPlatform/HtmlLogger/v1' and type 'Microsoft.VisualStudio.TestPlatform.Extensions.HtmlLogger.HtmlLogger, Microsoft.VisualStudio.TestPlatform.Extensions.Html.TestLogger, Version=15.0.0.0, Culture=neutral, PublicKeyToken=b03f5f7f11d50a3a' inside file 'C:\Program Files\dotnet\sdk\8.0.202\Extensions\Microsoft.VisualStudio.TestPlatform.Extensions.Html.TestLogger.dll'
TpTrace Verbose: 0 : 11168, 1, 2024/03/31, 20:16:25.248, 9367731987812, vstest.console.dll, MetadataReaderExtensionsHelper: Discovering extensions inside assembly 'Microsoft.VisualStudio.TestPlatform.Extensions.Trx.TestLogger, Version=15.0.0.0, Culture=neutral, PublicKeyToken=b03f5f7f11d50a3a' file path 'C:\Program Files\dotnet\sdk\8.0.202\Extensions\Microsoft.VisualStudio.TestPlatform.Extensions.Trx.TestLogger.dll'
TpTrace Information: 0 : 11168, 1, 2024/03/31, 20:16:25.248, 9367731995325, vstest.console.dll, GetTestExtensionFromType: Register extension with identifier data 'logger://Microsoft/TestPlatform/TrxLogger/v1' and type 'Microsoft.VisualStudio.TestPlatform.Extensions.TrxLogger.TrxLogger, Microsoft.VisualStudio.TestPlatform.Extensions.Trx.TestLogger, Version=15.0.0.0, Culture=neutral, PublicKeyToken=b03f5f7f11d50a3a' inside file 'C:\Program Files\dotnet\sdk\8.0.202\Extensions\Microsoft.VisualStudio.TestPlatform.Extensions.Trx.TestLogger.dll'
TpTrace Verbose: 0 : 11168, 1, 2024/03/31, 20:16:25.249, 9367731996851, vstest.console.dll, TestPluginCache: Discovered the extensions using extension path ''.
TpTrace Verbose: 0 : 11168, 1, 2024/03/31, 20:16:25.249, 9367731997402, vstest.console.dll, TestPluginCache: Discoverers are ''.
TpTrace Verbose: 0 : 11168, 1, 2024/03/31, 20:16:25.249, 9367731997838, vstest.console.dll, TestPluginCache: Executors are ''.
TpTrace Verbose: 0 : 11168, 1, 2024/03/31, 20:16:25.249, 9367731998250, vstest.console.dll, TestPluginCache: Executors2 are ''.
TpTrace Verbose: 0 : 11168, 1, 2024/03/31, 20:16:25.249, 9367731998698, vstest.console.dll, TestPluginCache: Setting providers are ''.
TpTrace Verbose: 0 : 11168, 1, 2024/03/31, 20:16:25.249, 9367731999646, vstest.console.dll, TestPluginCache: Loggers are 'logger://Microsoft/TestPlatform/Extensions/Blame/v1,logger://Microsoft/TestPlatform/HtmlLogger/v1,logger://Microsoft/TestPlatform/TrxLogger/v1'.
TpTrace Verbose: 0 : 11168, 1, 2024/03/31, 20:16:25.249, 9367732000401, vstest.console.dll, TestPluginCache: TestHosts are 'HostProvider://DefaultTestHost,HostProvider://DotnetTestHost'.
TpTrace Verbose: 0 : 11168, 1, 2024/03/31, 20:16:25.249, 9367732000860, vstest.console.dll, TestPluginCache: DataCollectors are ''.
TpTrace Information: 0 : 11168, 1, 2024/03/31, 20:16:25.250, 9367732010154, vstest.console.dll, TestPluginManager.CreateTestExtension: Attempting to load test extension: Microsoft.TestPlatform.Extensions.BlameDataCollector.BlameLogger
TpTrace Verbose: 0 : 11168, 1, 2024/03/31, 20:16:25.264, 9367732149836, vstest.console.dll, TestEngine: Initializing Parallel Execution as MaxCpuCount is set to: 1
TpTrace Information: 0 : 11168, 1, 2024/03/31, 20:16:25.266, 9367732170044, vstest.console.dll, TestPluginManager.CreateTestExtension: Attempting to load test extension: Microsoft.VisualStudio.TestPlatform.CrossPlatEngine.Hosting.DefaultTestHostManager
TpTrace Information: 0 : 11168, 1, 2024/03/31, 20:16:25.267, 9367732177552, vstest.console.dll, TestPluginManager.CreateTestExtension: Attempting to load test extension: Microsoft.VisualStudio.TestPlatform.CrossPlatEngine.Hosting.DotnetTestHostManager
TpTrace Information: 0 : 11168, 1, 2024/03/31, 20:16:25.267, 9367732184319, vstest.console.dll, InferRunSettingsHelper.IsTestSettingsEnabled: Unable to navigate to RunSettings/MSTest. Current node: RunSettings
TpTrace Verbose: 0 : 11168, 1, 2024/03/31, 20:16:25.268, 9367732194778, vstest.console.dll, ParallelOperationManager.ClearSlots: Clearing all slots. Slots should accept more work: True
TpTrace Verbose: 0 : 11168, 1, 2024/03/31, 20:16:25.269, 9367732202609, vstest.console.dll, ParallelOperationManager.SetOccupiedSlotCount: Setting slot counts AvailableSlotCount = 1, OccupiedSlotCount = 0.
TpTrace Verbose: 0 : 11168, 1, 2024/03/31, 20:16:25.270, 9367732206525, vstest.console.dll, Occupied slots:

TpTrace Verbose: 0 : 11168, 1, 2024/03/31, 20:16:25.274, 9367732247773, vstest.console.dll, TestEngine.GetExecutionManager: Chosen execution manager 'Microsoft.VisualStudio.TestPlatform.CrossPlatEngine.Client.Parallel.ParallelProxyExecutionManager, Microsoft.TestPlatform.CrossPlatEngine, Version=15.0.0.0, Culture=neutral, PublicKeyToken=b03f5f7f11d50a3a' ParallelLevel '1'.
TpTrace Verbose: 0 : 11168, 1, 2024/03/31, 20:16:25.274, 9367732249172, vstest.console.dll, TestRunRequest.ExecuteAsync: Creating test run request.
TpTrace Verbose: 0 : 11168, 1, 2024/03/31, 20:16:25.274, 9367732251964, vstest.console.dll, TestRunRequest.ExecuteAsync: Starting.
TpTrace Information: 0 : 11168, 1, 2024/03/31, 20:16:25.277, 9367732278657, vstest.console.dll, TestRunRequest.ExecuteAsync: Starting run with settings:TestRunCriteria:
   KeepAlive=False,FrequencyOfRunStatsChangeEvent=10,RunStatsChangeEventTimeout=00:00:01.5000000,TestCaseFilter=,TestExecutorLauncher=
   Settingsxml=<RunSettings>
  <RunConfiguration>
    <ResultsDirectory>C:\Users\Usuario\Documents\Curso CSharp Ada\Ecommerce\back-end-ecommerce\Ecommerce.Test\bin\Debug\net8.0\fine-code-coverage\coverage-tool-output</ResultsDirectory>
    <TargetPlatform>X64</TargetPlatform>
    <TargetFrameworkVersion>.NETCoreApp,Version=v8.0</TargetFrameworkVersion>
    <DesignMode>False</DesignMode>
    <CollectSourceInformation>False</CollectSourceInformation>
  </RunConfiguration>
  <LoggerRunSettings>
    <Loggers>
      <Logger friendlyName="blame" enabled="True" />
      <Logger friendlyName="Console" uri="logger://microsoft/TestPlatform/ConsoleLogger/v1" assemblyQualifiedName="Microsoft.VisualStudio.TestPlatform.CommandLine.Internal.ConsoleLogger, vstest.console, Version=15.0.0.0, Culture=neutral, PublicKeyToken=b03f5f7f11d50a3a" codeBase="C:\Program Files\dotnet\sdk\8.0.202\vstest.console.dll" enabled="True" />
    </Loggers>
  </LoggerRunSettings>
  <DataCollectionRunSettings>
    <DataCollectors>
      <DataCollector friendlyName="blame" enabled="True">
        <Configuration>
          <ResultsDirectory>C:\Users\Usuario\Documents\Curso CSharp Ada\Ecommerce\back-end-ecommerce\Ecommerce.Test\bin\Debug\net8.0\fine-code-coverage\coverage-tool-output</ResultsDirectory>
        </Configuration>
      </DataCollector>
    </DataCollectors>
  </DataCollectionRunSettings>
</RunSettings>

TpTrace Verbose: 0 : 11168, 1, 2024/03/31, 20:16:25.277, 9367732279464, vstest.console.dll, TestRunRequest.ExecuteAsync: Wait for the first run request is over.
TpTrace Verbose: 0 : 11168, 1, 2024/03/31, 20:16:25.277, 9367732282696, vstest.console.dll, MulticastDelegateUtilities.SafeInvoke: TestRun.TestRunStart: Invoking callbacks was skipped because there are no subscribers.
TpTrace Verbose: 0 : 11168, 4, 2024/03/31, 20:16:25.277, 9367732285123, vstest.console.dll, MulticastDelegateUtilities.SafeInvoke: InternalTestLoggerEvents.SendTestRunStart: Invoking callback 1/1 for Microsoft.VisualStudio.TestPlatform.CommandLine.Internal.ConsoleLogger., took 0 ms.
TpTrace Verbose: 0 : 11168, 1, 2024/03/31, 20:16:25.278, 9367732295257, vstest.console.dll, ParallelProxyExecutionManager: Start execution. Total sources: 1
TpTrace Verbose: 0 : 11168, 1, 2024/03/31, 20:16:25.279, 9367732299167, vstest.console.dll, ParallelOperationManager.StartWork: Starting adding 1 workloads.
TpTrace Verbose: 0 : 11168, 1, 2024/03/31, 20:16:25.279, 9367732300125, vstest.console.dll, ParallelOperationManager.ClearSlots: Clearing all slots. Slots should accept more work: True
TpTrace Verbose: 0 : 11168, 1, 2024/03/31, 20:16:25.279, 9367732301062, vstest.console.dll, ParallelOperationManager.SetOccupiedSlotCount: Setting slot counts AvailableSlotCount = 1, OccupiedSlotCount = 0.
TpTrace Verbose: 0 : 11168, 1, 2024/03/31, 20:16:25.279, 9367732301628, vstest.console.dll, Occupied slots:

TpTrace Verbose: 0 : 11168, 1, 2024/03/31, 20:16:25.281, 9367732317766, vstest.console.dll, TestRequestSender is acting as server.
TpTrace Verbose: 0 : 11168, 1, 2024/03/31, 20:16:25.282, 9367732334806, vstest.console.dll, ParallelOperationManager.RunWorkInParallel: Adding 1 workload to slot, remaining workloads 0.
TpTrace Verbose: 0 : 11168, 1, 2024/03/31, 20:16:25.282, 9367732335574, vstest.console.dll, ParallelOperationManager.SetOccupiedSlotCount: Setting slot counts AvailableSlotCount = 0, OccupiedSlotCount = 1.
TpTrace Verbose: 0 : 11168, 1, 2024/03/31, 20:16:25.283, 9367732337066, vstest.console.dll, Occupied slots:
0: C:\Users\Usuario\Documents\Curso CSharp Ada\Ecommerce\back-end-ecommerce\Ecommerce.Test\bin\Debug\net8.0\fine-code-coverage\build-output\Ecommerce.Test.dll
TpTrace Verbose: 0 : 11168, 1, 2024/03/31, 20:16:25.284, 9367732350002, vstest.console.dll, ParallelOperationManager.RunWorkInParallel: Started host in slot number 0 for work (source): C:\Users\Usuario\Documents\Curso CSharp Ada\Ecommerce\back-end-ecommerce\Ecommerce.Test\bin\Debug\net8.0\fine-code-coverage\build-output\Ecommerce.Test.dll.
TpTrace Verbose: 0 : 11168, 1, 2024/03/31, 20:16:25.285, 9367732359646, vstest.console.dll, ParallelOperationManager.RunWorkInParallel: We started 1 work items, which is the max parallel level. Won't start more work.
TpTrace Verbose: 0 : 11168, 1, 2024/03/31, 20:16:25.285, 9367732360307, vstest.console.dll, ParallelOperationManager.RunWorkInParallel: We started 1 work items in here, returning True.
TpTrace Information: 0 : 11168, 1, 2024/03/31, 20:16:25.285, 9367732360840, vstest.console.dll, TestRunRequest.ExecuteAsync: Started.
TpTrace Verbose: 0 : 11168, 5, 2024/03/31, 20:16:25.285, 9367732362397, vstest.console.dll, ParallelProxyExecutionManager.StartTestRunOnConcurrentManager: Initializing uninitialized client. Started clients: 0
TpTrace Verbose: 0 : 11168, 5, 2024/03/31, 20:16:25.285, 9367732364362, vstest.console.dll, DataCollectionRequestSender.InitializeCommunication : Initialize communication. 
TpTrace Verbose: 0 : 11168, 1, 2024/03/31, 20:16:25.286, 9367732371953, vstest.console.dll, TestRunRequest.WaitForCompletion: Waiting with timeout -1.
TpTrace Information: 0 : 11168, 5, 2024/03/31, 20:16:25.294, 9367732449755, vstest.console.dll, Listening on Endpoint : 127.0.0.1:64167
TpTrace Verbose: 0 : 11168, 5, 2024/03/31, 20:16:25.300, 9367732515121, vstest.console.dll, DotnetDataCollectionLauncher: Adding  --runtimeconfig "C:\Program Files\dotnet\sdk\8.0.202\datacollector.runtimeconfig.json" in args
TpTrace Verbose: 0 : 11168, 5, 2024/03/31, 20:16:25.301, 9367732521534, vstest.console.dll, DotnetDataCollectionLauncher: Adding  --depsfile "C:\Program Files\dotnet\sdk\8.0.202\datacollector.deps.json" in args
TpTrace Verbose: 0 : 11168, 5, 2024/03/31, 20:16:25.301, 9367732524127, vstest.console.dll, DotnetDataCollectionLauncher: Full path of dotnet.exe is C:\Program Files\dotnet\dotnet.exe
TpTrace Information: 0 : 11168, 5, 2024/03/31, 20:16:25.308, 9367732595766, vstest.console.dll, ProxyDataCollectionManager.Initialize: Launched datacollector processId: 18220 port: 64167
TpTrace Information: 0 : 11168, 5, 2024/03/31, 20:16:25.309, 9367732597776, vstest.console.dll, ProxyDataCollectionManager.Initialize: waiting for connection with timeout: 90 seconds
TpTrace Verbose: 0 : 11168, 5, 2024/03/31, 20:16:25.309, 9367732599119, vstest.console.dll, DataCollectionRequestSender.WaitForRequestHandlerConnection : Waiting for connection with timeout: 90000
TpTrace Verbose: 0 : 11168, 5, 2024/03/31, 20:16:25.509, 9367734599876, vstest.console.dll, SocketCommunicationManager.WaitForClientConnection took: 199 ms, with 90000 ms timeout, and finished with True.
TpTrace Information: 0 : 11168, 7, 2024/03/31, 20:16:25.509, 9367734599811, vstest.console.dll, Using the buffer size of 16384 bytes
TpTrace Verbose: 0 : 11168, 5, 2024/03/31, 20:16:25.509, 9367734602100, vstest.console.dll, ProxyDataCollectionManager.InvokeDataCollectionServiceAction: Starting.
TpTrace Information: 0 : 11168, 7, 2024/03/31, 20:16:25.509, 9367734602168, vstest.console.dll, Accepted Client request and set the flag
TpTrace Information: 0 : 11168, 5, 2024/03/31, 20:16:25.509, 9367734603588, vstest.console.dll, ProxyDataCollectionManager.BeforeTestRunStart: Get environment variable and port for datacollector processId: 18220 port: 64167
TpTrace Verbose: 0 : 11168, 5, 2024/03/31, 20:16:25.509, 9367734605525, vstest.console.dll, DataCollectionRequestSender.SendBeforeTestRunStartAndGetResult: Send BeforeTestRunStart message with settingsXml <RunSettings><RunConfiguration><ResultsDirectory>C:\Users\Usuario\Documents\Curso CSharp Ada\Ecommerce\back-end-ecommerce\Ecommerce.Test\bin\Debug\net8.0\fine-code-coverage\coverage-tool-output</ResultsDirectory><TargetPlatform>X64</TargetPlatform><TargetFrameworkVersion>.NETCoreApp,Version=v8.0</TargetFrameworkVersion><DesignMode>False</DesignMode><CollectSourceInformation>False</CollectSourceInformation><TestAdaptersPaths>C:\Program Files\dotnet\sdk\8.0.202\Extensions</TestAdaptersPaths></RunConfiguration><LoggerRunSettings><Loggers><Logger friendlyName="blame" enabled="True" /><Logger friendlyName="Console" uri="logger://microsoft/TestPlatform/ConsoleLogger/v1" assemblyQualifiedName="Microsoft.VisualStudio.TestPlatform.CommandLine.Internal.ConsoleLogger, vstest.console, Version=15.0.0.0, Culture=neutral, PublicKeyToken=b03f5f7f11d50a3a" codeBase="C:\Program Files\dotnet\sdk\8.0.202\vstest.console.dll" enabled="True" /></Loggers></LoggerRunSettings><DataCollectionRunSettings><DataCollectors><DataCollector friendlyName="blame" enabled="True"><Configuration><ResultsDirectory>C:\Users\Usuario\Documents\Curso CSharp Ada\Ecommerce\back-end-ecommerce\Ecommerce.Test\bin\Debug\net8.0\fine-code-coverage\coverage-tool-output</ResultsDirectory></Configuration></DataCollector></DataCollectors></DataCollectionRunSettings></RunSettings> and sources System.Collections.Generic.List`1[System.String]: 
TpTrace Verbose: 0 : 11168, 5, 2024/03/31, 20:16:25.585, 9367735366423, vstest.console.dll, DataCollectionRequestSender.SendBeforeTestRunStartAndGetResult: Received message: (DataCollection.SendMessage) -> {"MessageType":"DataCollection.SendMessage","Payload":{"FriendlyName":null,"Uri":null,"TestCaseId":"00000000-0000-0000-0000-000000000000","Message":"Logging DataCollector Diagnostics in file: C:\\Users\\Usuario\\Documents\\Curso CSharp Ada\\Ecommerce\\back-end-ecommerce\\Ecommerce.Test\\bin\\Debug\\net8.0\\fine-code-coverage\\coverage-tool-output\\diagnostics.datacollector.24-03-31_20-16-25_30050_5.log","Level":0}}
TpTrace Verbose: 0 : 11168, 5, 2024/03/31, 20:16:25.720, 9367736712576, vstest.console.dll, DataCollectionRequestSender.SendBeforeTestRunStartAndGetResult: Received message: (DataCollection.BeforeTestRunStartResult) -> {"MessageType":"DataCollection.BeforeTestRunStartResult","Payload":{"EnvironmentVariables":{},"DataCollectionEventsPort":64169}}
TpTrace Information: 0 : 11168, 5, 2024/03/31, 20:16:25.728, 9367736789483, vstest.console.dll, ProxyDataCollectionManager.BeforeTestRunStart: SendBeforeTestRunStartAndGetResult successful, env variable from datacollector:   and testhost port: 64169
TpTrace Information: 0 : 11168, 5, 2024/03/31, 20:16:25.728, 9367736790802, vstest.console.dll, ProxyDataCollectionManager.InvokeDataCollectionServiceAction: Completed.
TpTrace Verbose: 0 : 11168, 5, 2024/03/31, 20:16:25.728, 9367736791476, vstest.console.dll, ParallelProxyExecutionManager.StartTestRunOnConcurrentManager: Initializing test run. Started clients: 0
TpTrace Verbose: 0 : 11168, 5, 2024/03/31, 20:16:25.728, 9367736792710, vstest.console.dll, ProxyExecutionManager: Test host is always Lazy initialize.
TpTrace Verbose: 0 : 11168, 5, 2024/03/31, 20:16:25.728, 9367736795459, vstest.console.dll, TestRequestSender.InitializeCommunication: initialize communication. 
TpTrace Information: 0 : 11168, 5, 2024/03/31, 20:16:25.729, 9367736803628, vstest.console.dll, SocketServer.Start: Listening on endpoint : 127.0.0.1:64170
TpTrace Verbose: 0 : 11168, 5, 2024/03/31, 20:16:25.731, 9367736817181, vstest.console.dll, DotnetTestHostmanager.GetTestHostProcessStartInfo: Platform environment 'X64' target architecture 'X64' framework '.NETCoreApp,Version=v8.0' OS 'Windows'
TpTrace Verbose: 0 : 11168, 5, 2024/03/31, 20:16:25.731, 9367736820995, vstest.console.dll, DotnetTestHostmanager: Adding  --runtimeconfig "C:\Users\Usuario\Documents\Curso CSharp Ada\Ecommerce\back-end-ecommerce\Ecommerce.Test\bin\Debug\net8.0\fine-code-coverage\build-output\Ecommerce.Test.runtimeconfig.json" in args
TpTrace Verbose: 0 : 11168, 5, 2024/03/31, 20:16:25.731, 9367736822871, vstest.console.dll, DotnetTestHostmanager: Adding  --depsfile "C:\Users\Usuario\Documents\Curso CSharp Ada\Ecommerce\back-end-ecommerce\Ecommerce.Test\bin\Debug\net8.0\fine-code-coverage\build-output\Ecommerce.Test.deps.json" in args
TpTrace Verbose: 0 : 11168, 5, 2024/03/31, 20:16:25.731, 9367736825859, vstest.console.dll, DotnetTestHostmanager.IsWinOnArm: Current PROCESSOR_ARCHITECTURE from environment variable 'AMD64'
TpTrace Verbose: 0 : 11168, 5, 2024/03/31, 20:16:25.732, 9367736826910, vstest.console.dll, DotnetTestHostmanager.IsWinOnArm: Is Windows on ARM 'False'
TpTrace Verbose: 0 : 11168, 5, 2024/03/31, 20:16:25.732, 9367736828144, vstest.console.dll, DotnetTestHostManager: testhost.exe found at path: C:\Users\Usuario\Documents\Curso CSharp Ada\Ecommerce\back-end-ecommerce\Ecommerce.Test\bin\Debug\net8.0\fine-code-coverage\build-output\testhost.exe
TpTrace Verbose: 0 : 11168, 5, 2024/03/31, 20:16:25.732, 9367736828874, vstest.console.dll, DotnetTestHostmanager: Full path of host exe is C:\Users\Usuario\Documents\Curso CSharp Ada\Ecommerce\back-end-ecommerce\Ecommerce.Test\bin\Debug\net8.0\fine-code-coverage\build-output\testhost.exe
TpTrace Verbose: 0 : 11168, 5, 2024/03/31, 20:16:25.732, 9367736830834, vstest.console.dll, DotnetTestHostmanager.LaunchTestHostAsync: Found 'VSTEST_WINAPPHOST_DOTNET_ROOT' in env variables, value 'C:\Program Files\dotnet', forwarding to 'DOTNET_ROOT'
TpTrace Verbose: 0 : 11168, 5, 2024/03/31, 20:16:25.732, 9367736832792, vstest.console.dll, DotnetTestHostManager: Starting process 'C:\Users\Usuario\Documents\Curso CSharp Ada\Ecommerce\back-end-ecommerce\Ecommerce.Test\bin\Debug\net8.0\fine-code-coverage\build-output\testhost.exe' with command line ' --runtimeconfig "C:\Users\Usuario\Documents\Curso CSharp Ada\Ecommerce\back-end-ecommerce\Ecommerce.Test\bin\Debug\net8.0\fine-code-coverage\build-output\Ecommerce.Test.runtimeconfig.json" --depsfile "C:\Users\Usuario\Documents\Curso CSharp Ada\Ecommerce\back-end-ecommerce\Ecommerce.Test\bin\Debug\net8.0\fine-code-coverage\build-output\Ecommerce.Test.deps.json" --port 64170 --endpoint 127.0.0.1:064170 --role client --parentprocessid 11168 --diag "C:\Users\Usuario\Documents\Curso CSharp Ada\Ecommerce\back-end-ecommerce\Ecommerce.Test\bin\Debug\net8.0\fine-code-coverage\coverage-tool-output\diagnostics.host.24-03-31_20-16-25_73042_5.log" --tracelevel 4 --datacollectionport 64169 --telemetryoptedin false'
TpTrace Verbose: 0 : 11168, 5, 2024/03/31, 20:16:25.745, 9367736958108, vstest.console.dll, MulticastDelegateUtilities.SafeInvoke: HostProviderEvents.OnHostLaunched: Invoking callback 1/2 for Microsoft.VisualStudio.TestPlatform.CrossPlatEngine.Client.ProxyExecutionManagerWithDataCollection., took 1 ms.
TpTrace Verbose: 0 : 11168, 5, 2024/03/31, 20:16:25.745, 9367736962906, vstest.console.dll, Test Runtime launched
TpTrace Verbose: 0 : 11168, 5, 2024/03/31, 20:16:25.745, 9367736964279, vstest.console.dll, MulticastDelegateUtilities.SafeInvoke: HostProviderEvents.OnHostLaunched: Invoking callback 2/2 for Microsoft.VisualStudio.TestPlatform.CrossPlatEngine.Client.ProxyOperationManager., took 0 ms.
TpTrace Verbose: 0 : 11168, 5, 2024/03/31, 20:16:25.746, 9367736966554, vstest.console.dll, TestRequestSender.WaitForRequestHandlerConnection: waiting for connection with timeout: 90000.
TpTrace Verbose: 0 : 11168, 5, 2024/03/31, 20:16:26.013, 9367739642189, vstest.console.dll, TestRequestSender.WaitForRequestHandlerConnection: waiting took 267 ms, with timeout 90000 ms, and result 0, which is success.
TpTrace Verbose: 0 : 11168, 12, 2024/03/31, 20:16:26.013, 9367739642259, vstest.console.dll, MulticastDelegateUtilities.SafeInvoke: SocketServer: ClientConnected: Invoking callback 1/1 for Microsoft.VisualStudio.TestPlatform.CommunicationUtilities.TestRequestSender., took 0 ms.
TpTrace Verbose: 0 : 11168, 12, 2024/03/31, 20:16:26.013, 9367739645394, vstest.console.dll, SocketServer.OnClientConnected: Client connected for endPoint: 127.0.0.1:64170, starting MessageLoopAsync:
TpTrace Verbose: 0 : 11168, 13, 2024/03/31, 20:16:26.014, 9367739654083, vstest.console.dll, TcpClientExtensions.MessageLoopAsync: Polling on remoteEndPoint: 127.0.0.1:64171 localEndPoint: 127.0.0.1:64170 after 0 ms
TpTrace Verbose: 0 : 11168, 5, 2024/03/31, 20:16:26.015, 9367739659317, vstest.console.dll, TestRequestSender.CheckVersionWithTestHost: Sending check version message: {"MessageType":"ProtocolVersion","Payload":7}
TpTrace Verbose: 0 : 11168, 13, 2024/03/31, 20:16:26.179, 9367741299181, vstest.console.dll, TcpClientExtensions.MessageLoopAsync: NotifyDataAvailable remoteEndPoint: 127.0.0.1:64171 localEndPoint: 127.0.0.1:64170
TpTrace Verbose: 0 : 11168, 13, 2024/03/31, 20:16:26.179, 9367741302035, vstest.console.dll, TestRequestSender.CheckVersionWithTestHost: onMessageReceived received message: (ProtocolVersion) -> {"MessageType":"ProtocolVersion","Payload":7}
TpTrace Verbose: 0 : 11168, 13, 2024/03/31, 20:16:26.180, 9367741315598, vstest.console.dll, MulticastDelegateUtilities.SafeInvoke: LengthPrefixCommunicationChannel: MessageReceived: Invoking callback 1/1 for Microsoft.VisualStudio.TestPlatform.CommunicationUtilities.TestRequestSender+<>c__DisplayClass29_0., took 1 ms.
TpTrace Verbose: 0 : 11168, 13, 2024/03/31, 20:16:26.181, 9367741316816, vstest.console.dll, TcpClientExtensions.MessageLoopAsync: Polling on remoteEndPoint: 127.0.0.1:64171 localEndPoint: 127.0.0.1:64170 after 166 ms
TpTrace Verbose: 0 : 11168, 5, 2024/03/31, 20:16:26.181, 9367741317207, vstest.console.dll, TestPluginCache.GetExtensionPaths: Filtered extension paths: 
TpTrace Verbose: 0 : 11168, 5, 2024/03/31, 20:16:26.181, 9367741319107, vstest.console.dll, TestPluginCache.GetExtensionPaths: Added default extension paths: C:\Program Files\dotnet\sdk\8.0.202\Extensions\Microsoft.Diagnostics.NETCore.Client.dll
C:\Program Files\dotnet\sdk\8.0.202\Extensions\Microsoft.TestPlatform.Extensions.BlameDataCollector.dll
C:\Program Files\dotnet\sdk\8.0.202\Extensions\Microsoft.TestPlatform.Extensions.EventLogCollector.dll
C:\Program Files\dotnet\sdk\8.0.202\Extensions\Microsoft.TestPlatform.TestHostRuntimeProvider.dll
C:\Program Files\dotnet\sdk\8.0.202\Extensions\Microsoft.VisualStudio.TestPlatform.Extensions.Html.TestLogger.dll
C:\Program Files\dotnet\sdk\8.0.202\Extensions\Microsoft.VisualStudio.TestPlatform.Extensions.Trx.TestLogger.dll
TpTrace Verbose: 0 : 11168, 5, 2024/03/31, 20:16:26.181, 9367741319715, vstest.console.dll, TestPluginCache.GetExtensionPaths: Added unfilterableExtensionPaths: 
TpTrace Verbose: 0 : 11168, 5, 2024/03/31, 20:16:26.184, 9367741352526, vstest.console.dll, TestRequestSender.InitializeExecution: Sending initialize execution with message: {"Version":7,"MessageType":"TestExecution.Initialize","Payload":["C:\\Users\\Usuario\\Documents\\Curso CSharp Ada\\Ecommerce\\back-end-ecommerce\\Ecommerce.Test\\bin\\Debug\\net8.0\\fine-code-coverage\\build-output\\xunit.runner.visualstudio.dotnetcore.testadapter.dll"]}
TpTrace Verbose: 0 : 11168, 5, 2024/03/31, 20:16:26.184, 9367741354566, vstest.console.dll, ParallelProxyExecutionManager.StartTestRunOnConcurrentManager: Execution starting. Started clients: 1
TpTrace Verbose: 0 : 11168, 5, 2024/03/31, 20:16:26.185, 9367741357398, vstest.console.dll, TestRunRequest:SendTestRunMessage: Starting.
TpTrace Verbose: 0 : 11168, 5, 2024/03/31, 20:16:26.185, 9367741359093, vstest.console.dll, MulticastDelegateUtilities.SafeInvoke: TestRun.LogMessages: Invoking callback 1/1 for Microsoft.VisualStudio.TestPlatform.CommandLine.TestRunResultAggregator., took 0 ms.
TpTrace Information: 0 : 11168, 5, 2024/03/31, 20:16:26.185, 9367741359649, vstest.console.dll, TestRunRequest:SendTestRunMessage: Completed.
TpTrace Verbose: 0 : 11168, 4, 2024/03/31, 20:16:26.185, 9367741361722, vstest.console.dll, MulticastDelegateUtilities.SafeInvoke: InternalTestLoggerEvents.SendTestRunMessage: Invoking callback 1/1 for Microsoft.VisualStudio.TestPlatform.CommandLine.Internal.ConsoleLogger., took 0 ms.
TpTrace Warning: 0 : 11168, 5, 2024/03/31, 20:16:26.185, 9367741363745, vstest.console.dll, InferRunSettingsHelper.MakeRunsettingsCompatible: Removing the following settings: TargetPlatform from RunSettings file. To use those settings please move to latest version of Microsoft.NET.Test.Sdk
TpTrace Verbose: 0 : 11168, 13, 2024/03/31, 20:16:26.187, 9367741383529, vstest.console.dll, TcpClientExtensions.MessageLoopAsync: NotifyDataAvailable remoteEndPoint: 127.0.0.1:64171 localEndPoint: 127.0.0.1:64170
TpTrace Verbose: 0 : 11168, 13, 2024/03/31, 20:16:26.188, 9367741388812, vstest.console.dll, TestRequestSender.OnExecutionMessageReceived: Received message: {"Version":7,"MessageType":"TestSession.Message","Payload":{"MessageLevel":0,"Message":"Registro em log do diagnóstico TestHost no arquivo: C:\\Users\\Usuario\\Documents\\Curso CSharp Ada\\Ecommerce\\back-end-ecommerce\\Ecommerce.Test\\bin\\Debug\\net8.0\\fine-code-coverage\\coverage-tool-output\\diagnostics.host.24-03-31_20-16-25_73042_5.log"}}
TpTrace Verbose: 0 : 11168, 13, 2024/03/31, 20:16:26.191, 9367741420485, vstest.console.dll, TestRunRequest:SendTestRunMessage: Starting.
TpTrace Verbose: 0 : 11168, 13, 2024/03/31, 20:16:26.191, 9367741422247, vstest.console.dll, MulticastDelegateUtilities.SafeInvoke: TestRun.LogMessages: Invoking callback 1/1 for Microsoft.VisualStudio.TestPlatform.CommandLine.TestRunResultAggregator., took 0 ms.
TpTrace Verbose: 0 : 11168, 4, 2024/03/31, 20:16:26.191, 9367741422735, vstest.console.dll, MulticastDelegateUtilities.SafeInvoke: InternalTestLoggerEvents.SendTestRunMessage: Invoking callback 1/1 for Microsoft.VisualStudio.TestPlatform.CommandLine.Internal.ConsoleLogger., took 0 ms.
TpTrace Information: 0 : 11168, 13, 2024/03/31, 20:16:26.191, 9367741422817, vstest.console.dll, TestRunRequest:SendTestRunMessage: Completed.
TpTrace Verbose: 0 : 11168, 13, 2024/03/31, 20:16:26.191, 9367741425625, vstest.console.dll, MulticastDelegateUtilities.SafeInvoke: LengthPrefixCommunicationChannel: MessageReceived: Invoking callback 1/1 for Microsoft.VisualStudio.TestPlatform.CommunicationUtilities.TestRequestSender+<>c__DisplayClass34_0., took 3 ms.
TpTrace Verbose: 0 : 11168, 13, 2024/03/31, 20:16:26.191, 9367741426248, vstest.console.dll, TcpClientExtensions.MessageLoopAsync: Polling on remoteEndPoint: 127.0.0.1:64171 localEndPoint: 127.0.0.1:64170 after 10 ms
TpTrace Verbose: 0 : 11168, 5, 2024/03/31, 20:16:26.193, 9367741445398, vstest.console.dll, TestRequestSender.StartTestRun: Sending test run with message: {"Version":7,"MessageType":"TestExecution.StartWithSources","Payload":{"AdapterSourceMap":{"_none_":["C:\\Users\\Usuario\\Documents\\Curso CSharp Ada\\Ecommerce\\back-end-ecommerce\\Ecommerce.Test\\bin\\Debug\\net8.0\\fine-code-coverage\\build-output\\Ecommerce.Test.dll"]},"RunSettings":"<RunSettings>\r\n  <RunConfiguration>\r\n    <ResultsDirectory>C:\\Users\\Usuario\\Documents\\Curso CSharp Ada\\Ecommerce\\back-end-ecommerce\\Ecommerce.Test\\bin\\Debug\\net8.0\\fine-code-coverage\\coverage-tool-output</ResultsDirectory>\r\n    <TargetFrameworkVersion>.NETCoreApp,Version=v8.0</TargetFrameworkVersion>\r\n    <DesignMode>False</DesignMode>\r\n    <CollectSourceInformation>False</CollectSourceInformation>\r\n  </RunConfiguration>\r\n  <LoggerRunSettings>\r\n    <Loggers>\r\n      <Logger friendlyName=\"blame\" enabled=\"True\" />\r\n      <Logger friendlyName=\"Console\" uri=\"logger://microsoft/TestPlatform/ConsoleLogger/v1\" assemblyQualifiedName=\"Microsoft.VisualStudio.TestPlatform.CommandLine.Internal.ConsoleLogger, vstest.console, Version=15.0.0.0, Culture=neutral, PublicKeyToken=b03f5f7f11d50a3a\" codeBase=\"C:\\Program Files\\dotnet\\sdk\\8.0.202\\vstest.console.dll\" enabled=\"True\" />\r\n    </Loggers>\r\n  </LoggerRunSettings>\r\n  <DataCollectionRunSettings>\r\n    <DataCollectors>\r\n      <DataCollector friendlyName=\"blame\" enabled=\"True\">\r\n        <Configuration>\r\n          <ResultsDirectory>C:\\Users\\Usuario\\Documents\\Curso CSharp Ada\\Ecommerce\\back-end-ecommerce\\Ecommerce.Test\\bin\\Debug\\net8.0\\fine-code-coverage\\coverage-tool-output</ResultsDirectory>\r\n        </Configuration>\r\n      </DataCollector>\r\n    </DataCollectors>\r\n  </DataCollectionRunSettings>\r\n</RunSettings>","TestExecutionContext":{"FrequencyOfRunStatsChangeEvent":10,"RunStatsChangeEventTimeout":"00:00:01.5000000","InIsolation":false,"KeepAlive":false,"AreTestCaseLevelEventsRequired":false,"IsDebug":false,"TestCaseFilter":null,"FilterOptions":null},"Package":null}}
TpTrace Verbose: 0 : 11168, 5, 2024/03/31, 20:16:26.194, 9367741447301, vstest.console.dll, ParallelProxyExecutionManager.StartTestRunOnConcurrentManager: Execution started. Started clients: 1
TpTrace Verbose: 0 : 11168, 13, 2024/03/31, 20:16:26.394, 9367743447727, vstest.console.dll, TcpClientExtensions.MessageLoopAsync: NotifyDataAvailable remoteEndPoint: 127.0.0.1:64171 localEndPoint: 127.0.0.1:64170
TpTrace Verbose: 0 : 11168, 13, 2024/03/31, 20:16:26.394, 9367743449550, vstest.console.dll, TestRequestSender.OnExecutionMessageReceived: Received message: {"Version":7,"MessageType":"TestSession.Message","Payload":{"MessageLevel":0,"Message":"[xUnit.net 00:00:00.00] xUnit.net VSTest Adapter v2.5.3.1+6b60a9e56a (64-bit .NET 8.0.3)"}}
TpTrace Verbose: 0 : 11168, 13, 2024/03/31, 20:16:26.394, 9367743454014, vstest.console.dll, TestRunRequest:SendTestRunMessage: Starting.
TpTrace Verbose: 0 : 11168, 13, 2024/03/31, 20:16:26.394, 9367743455261, vstest.console.dll, MulticastDelegateUtilities.SafeInvoke: TestRun.LogMessages: Invoking callback 1/1 for Microsoft.VisualStudio.TestPlatform.CommandLine.TestRunResultAggregator., took 0 ms.
TpTrace Verbose: 0 : 11168, 4, 2024/03/31, 20:16:26.394, 9367743455639, vstest.console.dll, MulticastDelegateUtilities.SafeInvoke: InternalTestLoggerEvents.SendTestRunMessage: Invoking callback 1/1 for Microsoft.VisualStudio.TestPlatform.CommandLine.Internal.ConsoleLogger., took 0 ms.
TpTrace Information: 0 : 11168, 13, 2024/03/31, 20:16:26.395, 9367743456743, vstest.console.dll, TestRunRequest:SendTestRunMessage: Completed.
TpTrace Verbose: 0 : 11168, 13, 2024/03/31, 20:16:26.395, 9367743458935, vstest.console.dll, MulticastDelegateUtilities.SafeInvoke: LengthPrefixCommunicationChannel: MessageReceived: Invoking callback 1/1 for Microsoft.VisualStudio.TestPlatform.CommunicationUtilities.TestRequestSender+<>c__DisplayClass34_0., took 0 ms.
TpTrace Verbose: 0 : 11168, 13, 2024/03/31, 20:16:26.395, 9367743459600, vstest.console.dll, TcpClientExtensions.MessageLoopAsync: Polling on remoteEndPoint: 127.0.0.1:64171 localEndPoint: 127.0.0.1:64170 after 203 ms
TpTrace Verbose: 0 : 11168, 13, 2024/03/31, 20:16:26.516, 9367744675530, vstest.console.dll, TcpClientExtensions.MessageLoopAsync: NotifyDataAvailable remoteEndPoint: 127.0.0.1:64171 localEndPoint: 127.0.0.1:64170
TpTrace Verbose: 0 : 11168, 13, 2024/03/31, 20:16:26.517, 9367744677420, vstest.console.dll, TestRequestSender.OnExecutionMessageReceived: Received message: {"Version":7,"MessageType":"TestSession.Message","Payload":{"MessageLevel":0,"Message":"[xUnit.net 00:00:00.12]   Discovering: Ecommerce.Test"}}
TpTrace Verbose: 0 : 11168, 13, 2024/03/31, 20:16:26.517, 9367744679104, vstest.console.dll, TestRunRequest:SendTestRunMessage: Starting.
TpTrace Verbose: 0 : 11168, 13, 2024/03/31, 20:16:26.517, 9367744679987, vstest.console.dll, MulticastDelegateUtilities.SafeInvoke: TestRun.LogMessages: Invoking callback 1/1 for Microsoft.VisualStudio.TestPlatform.CommandLine.TestRunResultAggregator., took 0 ms.
TpTrace Verbose: 0 : 11168, 4, 2024/03/31, 20:16:26.517, 9367744680416, vstest.console.dll, MulticastDelegateUtilities.SafeInvoke: InternalTestLoggerEvents.SendTestRunMessage: Invoking callback 1/1 for Microsoft.VisualStudio.TestPlatform.CommandLine.Internal.ConsoleLogger., took 0 ms.
TpTrace Information: 0 : 11168, 13, 2024/03/31, 20:16:26.517, 9367744680498, vstest.console.dll, TestRunRequest:SendTestRunMessage: Completed.
TpTrace Verbose: 0 : 11168, 13, 2024/03/31, 20:16:26.517, 9367744682083, vstest.console.dll, MulticastDelegateUtilities.SafeInvoke: LengthPrefixCommunicationChannel: MessageReceived: Invoking callback 1/1 for Microsoft.VisualStudio.TestPlatform.CommunicationUtilities.TestRequestSender+<>c__DisplayClass34_0., took 0 ms.
TpTrace Verbose: 0 : 11168, 13, 2024/03/31, 20:16:26.517, 9367744682650, vstest.console.dll, TcpClientExtensions.MessageLoopAsync: Polling on remoteEndPoint: 127.0.0.1:64171 localEndPoint: 127.0.0.1:64170 after 122 ms
TpTrace Verbose: 0 : 11168, 13, 2024/03/31, 20:16:26.562, 9367745129015, vstest.console.dll, TcpClientExtensions.MessageLoopAsync: NotifyDataAvailable remoteEndPoint: 127.0.0.1:64171 localEndPoint: 127.0.0.1:64170
TpTrace Verbose: 0 : 11168, 13, 2024/03/31, 20:16:26.562, 9367745130988, vstest.console.dll, TestRequestSender.OnExecutionMessageReceived: Received message: {"Version":7,"MessageType":"TestSession.Message","Payload":{"MessageLevel":0,"Message":"[xUnit.net 00:00:00.17]   Discovered:  Ecommerce.Test"}}
TpTrace Verbose: 0 : 11168, 13, 2024/03/31, 20:16:26.562, 9367745132508, vstest.console.dll, TestRunRequest:SendTestRunMessage: Starting.
TpTrace Verbose: 0 : 11168, 13, 2024/03/31, 20:16:26.562, 9367745133440, vstest.console.dll, MulticastDelegateUtilities.SafeInvoke: TestRun.LogMessages: Invoking callback 1/1 for Microsoft.VisualStudio.TestPlatform.CommandLine.TestRunResultAggregator., took 0 ms.
TpTrace Verbose: 0 : 11168, 4, 2024/03/31, 20:16:26.562, 9367745133868, vstest.console.dll, MulticastDelegateUtilities.SafeInvoke: InternalTestLoggerEvents.SendTestRunMessage: Invoking callback 1/1 for Microsoft.VisualStudio.TestPlatform.CommandLine.Internal.ConsoleLogger., took 0 ms.
TpTrace Information: 0 : 11168, 13, 2024/03/31, 20:16:26.562, 9367745134017, vstest.console.dll, TestRunRequest:SendTestRunMessage: Completed.
TpTrace Verbose: 0 : 11168, 13, 2024/03/31, 20:16:26.563, 9367745136566, vstest.console.dll, MulticastDelegateUtilities.SafeInvoke: LengthPrefixCommunicationChannel: MessageReceived: Invoking callback 1/1 for Microsoft.VisualStudio.TestPlatform.CommunicationUtilities.TestRequestSender+<>c__DisplayClass34_0., took 0 ms.
TpTrace Verbose: 0 : 11168, 13, 2024/03/31, 20:16:26.563, 9367745137216, vstest.console.dll, TcpClientExtensions.MessageLoopAsync: Polling on remoteEndPoint: 127.0.0.1:64171 localEndPoint: 127.0.0.1:64170 after 45 ms
TpTrace Verbose: 0 : 11168, 13, 2024/03/31, 20:16:26.565, 9367745164127, vstest.console.dll, TcpClientExtensions.MessageLoopAsync: NotifyDataAvailable remoteEndPoint: 127.0.0.1:64171 localEndPoint: 127.0.0.1:64170
TpTrace Verbose: 0 : 11168, 13, 2024/03/31, 20:16:26.565, 9367745165354, vstest.console.dll, TestRequestSender.OnExecutionMessageReceived: Received message: {"Version":7,"MessageType":"TestSession.Message","Payload":{"MessageLevel":0,"Message":"[xUnit.net 00:00:00.17]   Starting:    Ecommerce.Test"}}
TpTrace Verbose: 0 : 11168, 13, 2024/03/31, 20:16:26.566, 9367745166525, vstest.console.dll, TestRunRequest:SendTestRunMessage: Starting.
TpTrace Verbose: 0 : 11168, 13, 2024/03/31, 20:16:26.566, 9367745167273, vstest.console.dll, MulticastDelegateUtilities.SafeInvoke: TestRun.LogMessages: Invoking callback 1/1 for Microsoft.VisualStudio.TestPlatform.CommandLine.TestRunResultAggregator., took 0 ms.
TpTrace Information: 0 : 11168, 13, 2024/03/31, 20:16:26.566, 9367745167764, vstest.console.dll, TestRunRequest:SendTestRunMessage: Completed.
TpTrace Verbose: 0 : 11168, 4, 2024/03/31, 20:16:26.566, 9367745167896, vstest.console.dll, MulticastDelegateUtilities.SafeInvoke: InternalTestLoggerEvents.SendTestRunMessage: Invoking callback 1/1 for Microsoft.VisualStudio.TestPlatform.CommandLine.Internal.ConsoleLogger., took 0 ms.
TpTrace Verbose: 0 : 11168, 13, 2024/03/31, 20:16:26.566, 9367745168280, vstest.console.dll, MulticastDelegateUtilities.SafeInvoke: LengthPrefixCommunicationChannel: MessageReceived: Invoking callback 1/1 for Microsoft.VisualStudio.TestPlatform.CommunicationUtilities.TestRequestSender+<>c__DisplayClass34_0., took 0 ms.
TpTrace Verbose: 0 : 11168, 13, 2024/03/31, 20:16:26.566, 9367745169818, vstest.console.dll, TcpClientExtensions.MessageLoopAsync: Polling on remoteEndPoint: 127.0.0.1:64171 localEndPoint: 127.0.0.1:64170 after 3 ms
TpTrace Verbose: 0 : 11168, 13, 2024/03/31, 20:16:27.573, 9367755242489, vstest.console.dll, TcpClientExtensions.MessageLoopAsync: Polling on remoteEndPoint: 127.0.0.1:64171 localEndPoint: 127.0.0.1:64170 after 1007 ms
TpTrace Verbose: 0 : 11168, 13, 2024/03/31, 20:16:27.815, 9367757661860, vstest.console.dll, TcpClientExtensions.MessageLoopAsync: NotifyDataAvailable remoteEndPoint: 127.0.0.1:64171 localEndPoint: 127.0.0.1:64170
TpTrace Verbose: 0 : 11168, 13, 2024/03/31, 20:16:27.815, 9367757664175, vstest.console.dll, TestRequestSender.OnExecutionMessageReceived: Received message: {"Version":7,"MessageType":"TestExecution.StatsChange","Payload":{"NewTestResults":[],"TestRunStatistics":{"ExecutedTests":0,"Stats":{}},"ActiveTests":[{"Id":"b25122d9-d216-73fc-ad5e-f5f12418da09","FullyQualifiedName":"ControllerTest.Delete_ProductDoesNotExist_ReturnNotFound","DisplayName":"ControllerTest.Delete_ProductDoesNotExist_ReturnNotFound","ExecutorUri":"executor://xunit/VsTestRunner2/netcoreapp","Source":"C:\\Users\\Usuario\\Documents\\Curso CSharp Ada\\Ecommerce\\back-end-ecommerce\\Ecommerce.Test\\bin\\Debug\\net8.0\\fine-code-coverage\\build-output\\Ecommerce.Test.dll","CodeFilePath":null,"LineNumber":0,"Properties":[]}]}}
TpTrace Verbose: 0 : 11168, 13, 2024/03/31, 20:16:27.830, 9367757809125, vstest.console.dll, TestRunRequest:SendTestRunStatsChange: Starting.
TpTrace Verbose: 0 : 11168, 13, 2024/03/31, 20:16:27.830, 9367757810622, vstest.console.dll, InProgress is ControllerTest.Delete_ProductDoesNotExist_ReturnNotFound
TpTrace Verbose: 0 : 11168, 13, 2024/03/31, 20:16:27.830, 9367757812349, vstest.console.dll, MulticastDelegateUtilities.SafeInvoke: TestRun.RunStatsChanged: Invoking callbacks was skipped because there are no subscribers.
TpTrace Information: 0 : 11168, 13, 2024/03/31, 20:16:27.830, 9367757812846, vstest.console.dll, TestRunRequest:SendTestRunStatsChange: Completed.
TpTrace Verbose: 0 : 11168, 13, 2024/03/31, 20:16:27.830, 9367757813277, vstest.console.dll, MulticastDelegateUtilities.SafeInvoke: LengthPrefixCommunicationChannel: MessageReceived: Invoking callback 1/1 for Microsoft.VisualStudio.TestPlatform.CommunicationUtilities.TestRequestSender+<>c__DisplayClass34_0., took 14 ms.
TpTrace Verbose: 0 : 11168, 13, 2024/03/31, 20:16:27.830, 9367757813692, vstest.console.dll, TcpClientExtensions.MessageLoopAsync: Polling on remoteEndPoint: 127.0.0.1:64171 localEndPoint: 127.0.0.1:64170 after 256 ms
TpTrace Verbose: 0 : 11168, 13, 2024/03/31, 20:16:28.837, 9367767882015, vstest.console.dll, TcpClientExtensions.MessageLoopAsync: Polling on remoteEndPoint: 127.0.0.1:64171 localEndPoint: 127.0.0.1:64170 after 1006 ms
TpTrace Verbose: 0 : 11168, 13, 2024/03/31, 20:16:29.349, 9367773006242, vstest.console.dll, TcpClientExtensions.MessageLoopAsync: NotifyDataAvailable remoteEndPoint: 127.0.0.1:64171 localEndPoint: 127.0.0.1:64170
TpTrace Verbose: 0 : 11168, 13, 2024/03/31, 20:16:29.350, 9367773009855, vstest.console.dll, TestRequestSender.OnExecutionMessageReceived: Received message: {"Version":7,"MessageType":"TestExecution.StatsChange","Payload":{"NewTestResults":[{"TestCase":{"Id":"b25122d9-d216-73fc-ad5e-f5f12418da09","FullyQualifiedName":"ControllerTest.Delete_ProductDoesNotExist_ReturnNotFound","DisplayName":"ControllerTest.Delete_ProductDoesNotExist_ReturnNotFound","ExecutorUri":"executor://xunit/VsTestRunner2/netcoreapp","Source":"C:\\Users\\Usuario\\Documents\\Curso CSharp Ada\\Ecommerce\\back-end-ecommerce\\Ecommerce.Test\\bin\\Debug\\net8.0\\fine-code-coverage\\build-output\\Ecommerce.Test.dll","CodeFilePath":null,"LineNumber":0,"Properties":[]},"Attachments":[],"Outcome":1,"ErrorMessage":null,"ErrorStackTrace":null,"DisplayName":"ControllerTest.Delete_ProductDoesNotExist_ReturnNotFound","Messages":[],"ComputerName":"DESKTOP-NVR83JR","Duration":"00:00:02.3772572","StartTime":"2024-03-31T23:16:29.0867988+00:00","EndTime":"2024-03-31T23:16:29.086854+00:00","Properties":[]},{"TestCase":{"Id":"e63f680f-36d1-ed1d-a8fa-4ddfe5eb432e","FullyQualifiedName":"ControllerTest.Post_SendingValidProduct_ReturnSuccess","DisplayName":"ControllerTest.Post_SendingValidProduct_ReturnSuccess","ExecutorUri":"executor://xunit/VsTestRunner2/netcoreapp","Source":"C:\\Users\\Usuario\\Documents\\Curso CSharp Ada\\Ecommerce\\back-end-ecommerce\\Ecommerce.Test\\bin\\Debug\\net8.0\\fine-code-coverage\\build-output\\Ecommerce.Test.dll","CodeFilePath":null,"LineNumber":0,"Properties":[]},"Attachments":[],"Outcome":1,"ErrorMessage":null,"ErrorStackTrace":null,"DisplayName":"ControllerTest.Post_SendingValidProduct_ReturnSuccess","Messages":[],"ComputerName":"DESKTOP-NVR83JR","Duration":"00:00:00.1151508","StartTime":"2024-03-31T23:16:29.2035689+00:00","EndTime":"2024-03-31T23:16:29.2035691+00:00","Properties":[]}],"TestRunStatistics":{"ExecutedTests":2,"Stats":{"Passed":2}},"ActiveTests":[{"Id":"016f7c00-5487-9793-22fe-b1b7315828c2","FullyQualifiedName":"ControllerTest.Update_ProductExists_ReturnSuccess","DisplayName":"ControllerTest.Update_ProductExists_ReturnSuccess","ExecutorUri":"executor://xunit/VsTestRunner2/netcoreapp","Source":"C:\\Users\\Usuario\\Documents\\Curso CSharp Ada\\Ecommerce\\back-end-ecommerce\\Ecommerce.Test\\bin\\Debug\\net8.0\\fine-code-coverage\\build-output\\Ecommerce.Test.dll","CodeFilePath":null,"LineNumber":0,"Properties":[]}]}}
TpTrace Verbose: 0 : 11168, 13, 2024/03/31, 20:16:29.364, 9367773147065, vstest.console.dll, TestRunRequest:SendTestRunStatsChange: Starting.
TpTrace Verbose: 0 : 11168, 13, 2024/03/31, 20:16:29.364, 9367773148051, vstest.console.dll, InProgress is ControllerTest.Update_ProductExists_ReturnSuccess
TpTrace Verbose: 0 : 11168, 13, 2024/03/31, 20:16:29.364, 9367773151431, vstest.console.dll, MulticastDelegateUtilities.SafeInvoke: TestRun.RunStatsChanged: Invoking callbacks was skipped because there are no subscribers.
TpTrace Information: 0 : 11168, 13, 2024/03/31, 20:16:29.364, 9367773151933, vstest.console.dll, TestRunRequest:SendTestRunStatsChange: Completed.
TpTrace Verbose: 0 : 11168, 13, 2024/03/31, 20:16:29.364, 9367773152366, vstest.console.dll, MulticastDelegateUtilities.SafeInvoke: LengthPrefixCommunicationChannel: MessageReceived: Invoking callback 1/1 for Microsoft.VisualStudio.TestPlatform.CommunicationUtilities.TestRequestSender+<>c__DisplayClass34_0., took 14 ms.
TpTrace Verbose: 0 : 11168, 13, 2024/03/31, 20:16:29.364, 9367773152807, vstest.console.dll, TcpClientExtensions.MessageLoopAsync: Polling on remoteEndPoint: 127.0.0.1:64171 localEndPoint: 127.0.0.1:64170 after 526 ms
TpTrace Verbose: 0 : 11168, 4, 2024/03/31, 20:16:29.367, 9367773186245, vstest.console.dll, MulticastDelegateUtilities.SafeInvoke: InternalTestLoggerEvents.SendTestResult: Invoking callback 1/1 for Microsoft.VisualStudio.TestPlatform.CommandLine.Internal.ConsoleLogger., took 3 ms.
TpTrace Verbose: 0 : 11168, 4, 2024/03/31, 20:16:29.368, 9367773189618, vstest.console.dll, MulticastDelegateUtilities.SafeInvoke: InternalTestLoggerEvents.SendTestResult: Invoking callback 1/1 for Microsoft.VisualStudio.TestPlatform.CommandLine.Internal.ConsoleLogger., took 0 ms.
TpTrace Verbose: 0 : 11168, 13, 2024/03/31, 20:16:29.684, 9367776354772, vstest.console.dll, TcpClientExtensions.MessageLoopAsync: NotifyDataAvailable remoteEndPoint: 127.0.0.1:64171 localEndPoint: 127.0.0.1:64170
TpTrace Verbose: 0 : 11168, 13, 2024/03/31, 20:16:29.684, 9367776356267, vstest.console.dll, TestRequestSender.OnExecutionMessageReceived: Received message: {"Version":7,"MessageType":"TestSession.Message","Payload":{"MessageLevel":0,"Message":"[xUnit.net 00:00:03.29]   Finished:    Ecommerce.Test"}}
TpTrace Verbose: 0 : 11168, 13, 2024/03/31, 20:16:29.685, 9367776357568, vstest.console.dll, TestRunRequest:SendTestRunMessage: Starting.
TpTrace Verbose: 0 : 11168, 13, 2024/03/31, 20:16:29.685, 9367776358263, vstest.console.dll, MulticastDelegateUtilities.SafeInvoke: TestRun.LogMessages: Invoking callback 1/1 for Microsoft.VisualStudio.TestPlatform.CommandLine.TestRunResultAggregator., took 0 ms.
TpTrace Information: 0 : 11168, 13, 2024/03/31, 20:16:29.685, 9367776358655, vstest.console.dll, TestRunRequest:SendTestRunMessage: Completed.
TpTrace Verbose: 0 : 11168, 4, 2024/03/31, 20:16:29.685, 9367776358783, vstest.console.dll, MulticastDelegateUtilities.SafeInvoke: InternalTestLoggerEvents.SendTestRunMessage: Invoking callback 1/1 for Microsoft.VisualStudio.TestPlatform.CommandLine.Internal.ConsoleLogger., took 0 ms.
TpTrace Verbose: 0 : 11168, 13, 2024/03/31, 20:16:29.685, 9367776359160, vstest.console.dll, MulticastDelegateUtilities.SafeInvoke: LengthPrefixCommunicationChannel: MessageReceived: Invoking callback 1/1 for Microsoft.VisualStudio.TestPlatform.CommunicationUtilities.TestRequestSender+<>c__DisplayClass34_0., took 0 ms.
TpTrace Verbose: 0 : 11168, 13, 2024/03/31, 20:16:29.685, 9367776360228, vstest.console.dll, TcpClientExtensions.MessageLoopAsync: Polling on remoteEndPoint: 127.0.0.1:64171 localEndPoint: 127.0.0.1:64170 after 320 ms
TpTrace Verbose: 0 : 11168, 13, 2024/03/31, 20:16:29.719, 9367776702356, vstest.console.dll, TcpClientExtensions.MessageLoopAsync: NotifyDataAvailable remoteEndPoint: 127.0.0.1:64171 localEndPoint: 127.0.0.1:64170
TpTrace Verbose: 0 : 11168, 13, 2024/03/31, 20:16:29.719, 9367776705464, vstest.console.dll, TestRequestSender.OnExecutionMessageReceived: Received message: {"Version":7,"MessageType":"TestExecution.Completed","Payload":{"TestRunCompleteArgs":{"TestRunStatistics":{"ExecutedTests":11,"Stats":{"Passed":11}},"IsCanceled":false,"IsAborted":false,"Error":null,"AttachmentSets":[],"InvokedDataCollectors":[],"ElapsedTimeInRunningTests":"00:00:03.3074073","Metrics":{},"DiscoveredExtensions":{"TestDiscoverers":["Xunit.Runner.VisualStudio.VsTestRunner, xunit.runner.visualstudio.dotnetcore.testadapter, Version=2.5.0.0, Culture=neutral, PublicKeyToken=null"],"TestExecutors":["executor://xunit/VsTestRunner2/netcoreapp"],"TestExecutors2":[],"TestSettingsProviders":[]}},"LastRunTests":{"NewTestResults":[{"TestCase":{"Id":"016f7c00-5487-9793-22fe-b1b7315828c2","FullyQualifiedName":"ControllerTest.Update_ProductExists_ReturnSuccess","DisplayName":"ControllerTest.Update_ProductExists_ReturnSuccess","ExecutorUri":"executor://xunit/VsTestRunner2/netcoreapp","Source":"C:\\Users\\Usuario\\Documents\\Curso CSharp Ada\\Ecommerce\\back-end-ecommerce\\Ecommerce.Test\\bin\\Debug\\net8.0\\fine-code-coverage\\build-output\\Ecommerce.Test.dll","CodeFilePath":null,"LineNumber":0,"Properties":[]},"Attachments":[],"Outcome":1,"ErrorMessage":null,"ErrorStackTrace":null,"DisplayName":"ControllerTest.Update_ProductExists_ReturnSuccess","Messages":[],"ComputerName":"DESKTOP-NVR83JR","Duration":"00:00:00.1124502","StartTime":"2024-03-31T23:16:29.3162295+00:00","EndTime":"2024-03-31T23:16:29.31623+00:00","Properties":[]},{"TestCase":{"Id":"e9e23355-5f82-8962-8474-d78efdcc9deb","FullyQualifiedName":"ControllerTest.Update_ProductDoesNotExist_ReturnNotFound","DisplayName":"ControllerTest.Update_ProductDoesNotExist_ReturnNotFound","ExecutorUri":"executor://xunit/VsTestRunner2/netcoreapp","Source":"C:\\Users\\Usuario\\Documents\\Curso CSharp Ada\\Ecommerce\\back-end-ecommerce\\Ecommerce.Test\\bin\\Debug\\net8.0\\fine-code-coverage\\build-output\\Ecommerce.Test.dll","CodeFilePath":null,"LineNumber":0,"Properties":[]},"Attachments":[],"Outcome":1,"ErrorMessage":null,"ErrorStackTrace":null,"DisplayName":"ControllerTest.Update_ProductDoesNotExist_ReturnNotFound","Messages":[],"ComputerName":"DESKTOP-NVR83JR","Duration":"00:00:00.0282917","StartTime":"2024-03-31T23:16:29.3541079+00:00","EndTime":"2024-03-31T23:16:29.3541081+00:00","Properties":[]},{"TestCase":{"Id":"f5b2bbed-b9bc-2a9b-7fca-ad6a9184456e","FullyQualifiedName":"ControllerTest.Delete_ProductExists_ReturnSuccess","DisplayName":"ControllerTest.Delete_ProductExists_ReturnSuccess","ExecutorUri":"executor://xunit/VsTestRunner2/netcoreapp","Source":"C:\\Users\\Usuario\\Documents\\Curso CSharp Ada\\Ecommerce\\back-end-ecommerce\\Ecommerce.Test\\bin\\Debug\\net8.0\\fine-code-coverage\\build-output\\Ecommerce.Test.dll","CodeFilePath":null,"LineNumber":0,"Properties":[]},"Attachments":[],"Outcome":1,"ErrorMessage":null,"ErrorStackTrace":null,"DisplayName":"ControllerTest.Delete_ProductExists_ReturnSuccess","Messages":[],"ComputerName":"DESKTOP-NVR83JR","Duration":"00:00:00.0252700","StartTime":"2024-03-31T23:16:29.3701669+00:00","EndTime":"2024-03-31T23:16:29.3701671+00:00","Properties":[]},{"TestCase":{"Id":"46226e1f-e284-714e-1e1a-07afb762eb92","FullyQualifiedName":"ControllerTest.GetByName_NoProductsMatch_ReturnSuccessWithEmptyList","DisplayName":"ControllerTest.GetByName_NoProductsMatch_ReturnSuccessWithEmptyList","ExecutorUri":"executor://xunit/VsTestRunner2/netcoreapp","Source":"C:\\Users\\Usuario\\Documents\\Curso CSharp Ada\\Ecommerce\\back-end-ecommerce\\Ecommerce.Test\\bin\\Debug\\net8.0\\fine-code-coverage\\build-output\\Ecommerce.Test.dll","CodeFilePath":null,"LineNumber":0,"Properties":[]},"Attachments":[],"Outcome":1,"ErrorMessage":null,"ErrorStackTrace":null,"DisplayName":"ControllerTest.GetByName_NoProductsMatch_ReturnSuccessWithEmptyList","Messages":[],"ComputerName":"DESKTOP-NVR83JR","Duration":"00:00:00.0799562","StartTime":"2024-03-31T23:16:29.4504051+00:00","EndTime":"2024-03-31T23:16:29.4504056+00:00","Properties":[]},{"TestCase":{"Id":"f3d333b1-b24a-a084-916f-e37cd9aea00e","FullyQualifiedName":"ControllerTest.GetById_ProductDoesNotExists_ReturnNotFound","DisplayName":"ControllerTest.GetById_ProductDoesNotExists_ReturnNotFound","ExecutorUri":"executor://xunit/VsTestRunner2/netcoreapp","Source":"C:\\Users\\Usuario\\Documents\\Curso CSharp Ada\\Ecommerce\\back-end-ecommerce\\Ecommerce.Test\\bin\\Debug\\net8.0\\fine-code-coverage\\build-output\\Ecommerce.Test.dll","CodeFilePath":null,"LineNumber":0,"Properties":[]},"Attachments":[],"Outcome":1,"ErrorMessage":null,"ErrorStackTrace":null,"DisplayName":"ControllerTest.GetById_ProductDoesNotExists_ReturnNotFound","Messages":[],"ComputerName":"DESKTOP-NVR83JR","Duration":"00:00:00.0594668","StartTime":"2024-03-31T23:16:29.510217+00:00","EndTime":"2024-03-31T23:16:29.5102175+00:00","Properties":[]},{"TestCase":{"Id":"7cdc7bc5-808a-e788-7854-db49f121c3c5","FullyQualifiedName":"ControllerTest.Post_SendingInvalidProduct_ReturnBadRequest","DisplayName":"ControllerTest.Post_SendingInvalidProduct_ReturnBadRequest","ExecutorUri":"executor://xunit/VsTestRunner2/netcoreapp","Source":"C:\\Users\\Usuario\\Documents\\Curso CSharp Ada\\Ecommerce\\back-end-ecommerce\\Ecommerce.Test\\bin\\Debug\\net8.0\\fine-code-coverage\\build-output\\Ecommerce.Test.dll","CodeFilePath":null,"LineNumber":0,"Properties":[]},"Attachments":[],"Outcome":1,"ErrorMessage":null,"ErrorStackTrace":null,"DisplayName":"ControllerTest.Post_SendingInvalidProduct_ReturnBadRequest","Messages":[],"ComputerName":"DESKTOP-NVR83JR","Duration":"00:00:00.0774202","StartTime":"2024-03-31T23:16:29.5878494+00:00","EndTime":"2024-03-31T23:16:29.5878497+00:00","Properties":[]},{"TestCase":{"Id":"8d56c7f8-ac33-a1d7-4789-e49a1e5622af","FullyQualifiedName":"ControllerTest.GetByName_MatchProduct_ReturnSuccessWithProduct","DisplayName":"ControllerTest.GetByName_MatchProduct_ReturnSuccessWithProduct","ExecutorUri":"executor://xunit/VsTestRunner2/netcoreapp","Source":"C:\\Users\\Usuario\\Documents\\Curso CSharp Ada\\Ecommerce\\back-end-ecommerce\\Ecommerce.Test\\bin\\Debug\\net8.0\\fine-code-coverage\\build-output\\Ecommerce.Test.dll","CodeFilePath":null,"LineNumber":0,"Properties":[]},"Attachments":[],"Outcome":1,"ErrorMessage":null,"ErrorStackTrace":null,"DisplayName":"ControllerTest.GetByName_MatchProduct_ReturnSuccessWithProduct","Messages":[],"ComputerName":"DESKTOP-NVR83JR","Duration":"00:00:00.0337727","StartTime":"2024-03-31T23:16:29.6219295+00:00","EndTime":"2024-03-31T23:16:29.62193+00:00","Properties":[]},{"TestCase":{"Id":"cbcd36e0-a913-1aa6-3679-83c6a7284f4c","FullyQualifiedName":"ControllerTest.GetProducts_ProductExist_ReturnSuccessWithProducts","DisplayName":"ControllerTest.GetProducts_ProductExist_ReturnSuccessWithProducts","ExecutorUri":"executor://xunit/VsTestRunner2/netcoreapp","Source":"C:\\Users\\Usuario\\Documents\\Curso CSharp Ada\\Ecommerce\\back-end-ecommerce\\Ecommerce.Test\\bin\\Debug\\net8.0\\fine-code-coverage\\build-output\\Ecommerce.Test.dll","CodeFilePath":null,"LineNumber":0,"Properties":[]},"Attachments":[],"Outcome":1,"ErrorMessage":null,"ErrorStackTrace":null,"DisplayName":"ControllerTest.GetProducts_ProductExist_ReturnSuccessWithProducts","Messages":[],"ComputerName":"DESKTOP-NVR83JR","Duration":"00:00:00.0316972","StartTime":"2024-03-31T23:16:29.6538273+00:00","EndTime":"2024-03-31T23:16:29.6538274+00:00","Properties":[]},{"TestCase":{"Id":"b582b621-7973-d45d-c9c2-224c2296e0bb","FullyQualifiedName":"ControllerTest.GetById_ProductExists_ReturnSuccessWithProduct","DisplayName":"ControllerTest.GetById_ProductExists_ReturnSuccessWithProduct","ExecutorUri":"executor://xunit/VsTestRunner2/netcoreapp","Source":"C:\\Users\\Usuario\\Documents\\Curso CSharp Ada\\Ecommerce\\back-end-ecommerce\\Ecommerce.Test\\bin\\Debug\\net8.0\\fine-code-coverage\\build-output\\Ecommerce.Test.dll","CodeFilePath":null,"LineNumber":0,"Properties":[]},"Attachments":[],"Outcome":1,"ErrorMessage":null,"ErrorStackTrace":null,"DisplayName":"ControllerTest.GetById_ProductExists_ReturnSuccessWithProduct","Messages":[],"ComputerName":"DESKTOP-NVR83JR","Duration":"00:00:00.0134332","StartTime":"2024-03-31T23:16:29.6674248+00:00","EndTime":"2024-03-31T23:16:29.667425+00:00","Properties":[]}],"TestRunStatistics":{"ExecutedTests":11,"Stats":{"Passed":11}},"ActiveTests":[]},"RunAttachments":[],"ExecutorUris":["executor://xunit/VsTestRunner2/netcoreapp"]}}
TpTrace Verbose: 0 : 11168, 13, 2024/03/31, 20:16:29.720, 9367776707573, vstest.console.dll, TestRequestSender.EndSession: Sending end session.
TpTrace Verbose: 0 : 11168, 13, 2024/03/31, 20:16:29.720, 9367776709404, vstest.console.dll, ProxyOperationManager.Close: waiting for test host to exit for 100 ms
TpTrace Verbose: 0 : 11168, 11, 2024/03/31, 20:16:29.747, 9367776981959, vstest.console.dll, TestHostManagerCallbacks.ctor: Experimental forwarding output is disabled.
TpTrace Warning: 0 : 11168, 11, 2024/03/31, 20:16:29.747, 9367776983740, vstest.console.dll, TestHostManagerCallbacks.ErrorReceivedCallback Test host standard error line: 
TpTrace Verbose: 0 : 11168, 11, 2024/03/31, 20:16:29.779, 9367777296556, vstest.console.dll, TestHostProvider.ExitCallBack: Host exited starting callback.
TpTrace Information: 0 : 11168, 11, 2024/03/31, 20:16:29.779, 9367777298149, vstest.console.dll, TestHostManagerCallbacks.ExitCallBack: Testhost processId: 1264 exited with exitcode: 0 error: ''
TpTrace Verbose: 0 : 11168, 11, 2024/03/31, 20:16:29.779, 9367777298636, vstest.console.dll, DotnetTestHostManager.OnHostExited: invoking OnHostExited callback
TpTrace Verbose: 0 : 11168, 11, 2024/03/31, 20:16:29.779, 9367777299313, vstest.console.dll, CrossPlatEngine.TestHostManagerHostExited: calling on client process exit callback.
TpTrace Information: 0 : 11168, 11, 2024/03/31, 20:16:29.779, 9367777299903, vstest.console.dll, TestRequestSender.OnClientProcessExit: Test host process exited. Standard error: 
TpTrace Information: 0 : 11168, 11, 2024/03/31, 20:16:29.779, 9367777300384, vstest.console.dll, SocketServer.Stop: Stop server endPoint: 127.0.0.1:64170
TpTrace Information: 0 : 11168, 13, 2024/03/31, 20:16:29.779, 9367777300576, vstest.console.dll, SocketServer.Stop: Stop server endPoint: 127.0.0.1:64170
TpTrace Information: 0 : 11168, 13, 2024/03/31, 20:16:29.779, 9367777301302, vstest.console.dll, SocketServer.Stop: Cancellation requested. Stopping message loop.
TpTrace Information: 0 : 11168, 11, 2024/03/31, 20:16:29.779, 9367777300726, vstest.console.dll, SocketServer.Stop: Cancellation requested. Stopping message loop.
TpTrace Verbose: 0 : 11168, 11, 2024/03/31, 20:16:29.779, 9367777302377, vstest.console.dll, MulticastDelegateUtilities.SafeInvoke: HostProviderEvents.OnHostExited: Invoking callback 1/1 for Microsoft.VisualStudio.TestPlatform.CrossPlatEngine.Client.ProxyOperationManager., took 0 ms.
TpTrace Information: 0 : 11168, 13, 2024/03/31, 20:16:29.779, 9367777302807, vstest.console.dll, Closing the connection
TpTrace Verbose: 0 : 11168, 13, 2024/03/31, 20:16:29.779, 9367777305098, vstest.console.dll, ProxyDataCollectionManager.InvokeDataCollectionServiceAction: Starting.
TpTrace Information: 0 : 11168, 13, 2024/03/31, 20:16:29.779, 9367777305577, vstest.console.dll, ProxyDataCollectionManager.AfterTestRunEnd: Get attachment set and invoked data collectors processId: 18220 port: 64167
TpTrace Verbose: 0 : 11168, 13, 2024/03/31, 20:16:29.779, 9367777306174, vstest.console.dll, DataCollectionRequestSender.SendAfterTestRunStartAndGetResult: Send AfterTestRunEnd message with isCancelled: False
TpTrace Verbose: 0 : 11168, 13, 2024/03/31, 20:16:29.787, 9367777376861, vstest.console.dll, DataCollectionRequestSender.SendAfterTestRunStartAndGetResult: Received message: (DataCollection.AfterTestRunEndResult) -> {"MessageType":"DataCollection.AfterTestRunEndResult","Payload":{"AttachmentSets":[],"InvokedDataCollectors":[{"Uri":"datacollector://Microsoft/TestPlatform/Extensions/Blame/v1","FriendlyName":"Blame","AssemblyQualifiedName":"Microsoft.TestPlatform.Extensions.BlameDataCollector.BlameCollector, Microsoft.TestPlatform.Extensions.BlameDataCollector, Version=15.0.0.0, Culture=neutral, PublicKeyToken=b03f5f7f11d50a3a","FilePath":"C:\\Program Files\\dotnet\\sdk\\8.0.202\\Extensions\\Microsoft.TestPlatform.Extensions.BlameDataCollector.dll","HasAttachmentProcessor":false}],"Metrics":{}}}
TpTrace Warning: 0 : 11168, 10, 2024/03/31, 20:16:29.791, 9367777418861, vstest.console.dll, DataCollectionLauncher.ErrorReceivedCallback datacollector standard error line: 
TpTrace Information: 0 : 11168, 13, 2024/03/31, 20:16:29.793, 9367777444539, vstest.console.dll, ProxyDataCollectionManager.InvokeDataCollectionServiceAction: Completed.
TpTrace Information: 0 : 11168, 10, 2024/03/31, 20:16:29.800, 9367777509873, vstest.console.dll, DataCollectionLauncher.ExitCallBack: Data collector exited with exitcode: 0 error: ''
TpTrace Verbose: 0 : 11168, 13, 2024/03/31, 20:16:29.843, 9367777943714, vstest.console.dll, TestRunRequest:SendTestRunStatsChange: Starting.
TpTrace Verbose: 0 : 11168, 13, 2024/03/31, 20:16:29.843, 9367777945112, vstest.console.dll, MulticastDelegateUtilities.SafeInvoke: TestRun.RunStatsChanged: Invoking callbacks was skipped because there are no subscribers.
TpTrace Information: 0 : 11168, 13, 2024/03/31, 20:16:29.843, 9367777945512, vstest.console.dll, TestRunRequest:SendTestRunStatsChange: Completed.
TpTrace Verbose: 0 : 11168, 4, 2024/03/31, 20:16:29.843, 9367777946137, vstest.console.dll, MulticastDelegateUtilities.SafeInvoke: InternalTestLoggerEvents.SendTestResult: Invoking callback 1/1 for Microsoft.VisualStudio.TestPlatform.CommandLine.Internal.ConsoleLogger., took 0 ms.
TpTrace Verbose: 0 : 11168, 4, 2024/03/31, 20:16:29.844, 9367777947038, vstest.console.dll, MulticastDelegateUtilities.SafeInvoke: InternalTestLoggerEvents.SendTestResult: Invoking callback 1/1 for Microsoft.VisualStudio.TestPlatform.CommandLine.Internal.ConsoleLogger., took 0 ms.
TpTrace Verbose: 0 : 11168, 4, 2024/03/31, 20:16:29.844, 9367777947641, vstest.console.dll, MulticastDelegateUtilities.SafeInvoke: InternalTestLoggerEvents.SendTestResult: Invoking callback 1/1 for Microsoft.VisualStudio.TestPlatform.CommandLine.Internal.ConsoleLogger., took 0 ms.
TpTrace Verbose: 0 : 11168, 4, 2024/03/31, 20:16:29.844, 9367777948239, vstest.console.dll, MulticastDelegateUtilities.SafeInvoke: InternalTestLoggerEvents.SendTestResult: Invoking callback 1/1 for Microsoft.VisualStudio.TestPlatform.CommandLine.Internal.ConsoleLogger., took 0 ms.
TpTrace Verbose: 0 : 11168, 4, 2024/03/31, 20:16:29.844, 9367777948809, vstest.console.dll, MulticastDelegateUtilities.SafeInvoke: InternalTestLoggerEvents.SendTestResult: Invoking callback 1/1 for Microsoft.VisualStudio.TestPlatform.CommandLine.Internal.ConsoleLogger., took 0 ms.
TpTrace Verbose: 0 : 11168, 13, 2024/03/31, 20:16:29.844, 9367777949081, vstest.console.dll, ParallelProxyExecutionManager: HandlePartialRunComplete: Total workloads = 1, Total started clients = 1 Total completed clients = 1, Run complete = True, Run canceled: False.
TpTrace Verbose: 0 : 11168, 13, 2024/03/31, 20:16:29.844, 9367777949584, vstest.console.dll, ParallelProxyExecutionManager: HandlePartialRunComplete: All runs completed stopping all managers.
TpTrace Verbose: 0 : 11168, 13, 2024/03/31, 20:16:29.844, 9367777950031, vstest.console.dll, ParallelOperationManager.StopAllManagers: Stopping all managers.
TpTrace Verbose: 0 : 11168, 4, 2024/03/31, 20:16:29.844, 9367777949367, vstest.console.dll, MulticastDelegateUtilities.SafeInvoke: InternalTestLoggerEvents.SendTestResult: Invoking callback 1/1 for Microsoft.VisualStudio.TestPlatform.CommandLine.Internal.ConsoleLogger., took 0 ms.
TpTrace Verbose: 0 : 11168, 13, 2024/03/31, 20:16:29.844, 9367777950447, vstest.console.dll, ParallelOperationManager.ClearSlots: Clearing all slots. Slots should accept more work: False
TpTrace Verbose: 0 : 11168, 4, 2024/03/31, 20:16:29.844, 9367777951331, vstest.console.dll, MulticastDelegateUtilities.SafeInvoke: InternalTestLoggerEvents.SendTestResult: Invoking callback 1/1 for Microsoft.VisualStudio.TestPlatform.CommandLine.Internal.ConsoleLogger., took 0 ms.
TpTrace Verbose: 0 : 11168, 13, 2024/03/31, 20:16:29.844, 9367777952024, vstest.console.dll, ParallelOperationManager.SetOccupiedSlotCount: Setting slot counts AvailableSlotCount = 1, OccupiedSlotCount = 0.
TpTrace Verbose: 0 : 11168, 4, 2024/03/31, 20:16:29.844, 9367777952611, vstest.console.dll, MulticastDelegateUtilities.SafeInvoke: InternalTestLoggerEvents.SendTestResult: Invoking callback 1/1 for Microsoft.VisualStudio.TestPlatform.CommandLine.Internal.ConsoleLogger., took 0 ms.
TpTrace Verbose: 0 : 11168, 13, 2024/03/31, 20:16:29.844, 9367777953115, vstest.console.dll, Occupied slots:

TpTrace Verbose: 0 : 11168, 4, 2024/03/31, 20:16:29.844, 9367777953574, vstest.console.dll, MulticastDelegateUtilities.SafeInvoke: InternalTestLoggerEvents.SendTestResult: Invoking callback 1/1 for Microsoft.VisualStudio.TestPlatform.CommandLine.Internal.ConsoleLogger., took 0 ms.
TpTrace Verbose: 0 : 11168, 4, 2024/03/31, 20:16:29.854, 9367778050886, vstest.console.dll, MulticastDelegateUtilities.SafeInvoke: InternalTestLoggerEvents.SendTestRunComplete: Invoking callback 1/2 for Microsoft.TestPlatform.Extensions.BlameDataCollector.BlameLogger., took 0 ms.
TpTrace Verbose: 0 : 11168, 4, 2024/03/31, 20:16:29.861, 9367778120703, vstest.console.dll, MulticastDelegateUtilities.SafeInvoke: InternalTestLoggerEvents.SendTestRunComplete: Invoking callback 2/2 for Microsoft.VisualStudio.TestPlatform.CommandLine.Internal.ConsoleLogger., took 6 ms.
TpTrace Verbose: 0 : 11168, 13, 2024/03/31, 20:16:29.861, 9367778124831, vstest.console.dll, TestRunRequest:TestRunComplete: Starting. IsAborted:False IsCanceled:False.
TpTrace Verbose: 0 : 11168, 13, 2024/03/31, 20:16:29.862, 9367778126573, vstest.console.dll, ParallelOperationManager.DoActionOnAllManagers: Calling an action on all managers.
TpTrace Verbose: 0 : 11168, 13, 2024/03/31, 20:16:29.863, 9367778143940, vstest.console.dll, TestLoggerManager.HandleTestRunComplete: Ignoring as the object is disposed.
TpTrace Verbose: 0 : 11168, 13, 2024/03/31, 20:16:29.864, 9367778146573, vstest.console.dll, MulticastDelegateUtilities.SafeInvoke: TestRun.TestRunComplete: Invoking callback 1/2 for Microsoft.VisualStudio.TestPlatform.CommandLine.TestRunResultAggregator., took 0 ms.
TpTrace Verbose: 0 : 11168, 13, 2024/03/31, 20:16:29.864, 9367778148267, vstest.console.dll, MulticastDelegateUtilities.SafeInvoke: TestRun.TestRunComplete: Invoking callback 2/2 for Microsoft.VisualStudio.TestPlatform.CommandLine.Processors.RunTestsArgumentExecutor+TestRunRequestEventsRegistrar., took 0 ms.
TpTrace Information: 0 : 11168, 13, 2024/03/31, 20:16:29.864, 9367778149328, vstest.console.dll, TestRunRequest:TestRunComplete: Completed.
TpTrace Verbose: 0 : 11168, 13, 2024/03/31, 20:16:29.864, 9367778149809, vstest.console.dll, TestRequestSender.SetOperationComplete: Setting operation complete.
TpTrace Verbose: 0 : 11168, 1, 2024/03/31, 20:16:29.864, 9367778149891, vstest.console.dll, TestRunRequest.Dispose: Starting.
TpTrace Information: 0 : 11168, 13, 2024/03/31, 20:16:29.864, 9367778150209, vstest.console.dll, SocketServer.Stop: Stop server endPoint: 127.0.0.1:64170
TpTrace Information: 0 : 11168, 1, 2024/03/31, 20:16:29.864, 9367778150962, vstest.console.dll, TestRunRequest.Dispose: Completed.
TpTrace Information: 0 : 11168, 13, 2024/03/31, 20:16:29.864, 9367778151558, vstest.console.dll, SocketServer.Stop: Cancellation requested. Stopping message loop.
TpTrace Information: 0 : 11168, 1, 2024/03/31, 20:16:29.864, 9367778152449, vstest.console.dll, TestRequestManager.RunTests: run tests completed.
TpTrace Verbose: 0 : 11168, 13, 2024/03/31, 20:16:29.864, 9367778153119, vstest.console.dll, MulticastDelegateUtilities.SafeInvoke: LengthPrefixCommunicationChannel: MessageReceived: Invoking callback 1/1 for Microsoft.VisualStudio.TestPlatform.CommunicationUtilities.TestRequestSender+<>c__DisplayClass34_0., took 144 ms.
TpTrace Information: 0 : 11168, 1, 2024/03/31, 20:16:29.864, 9367778154339, vstest.console.dll, RunTestsArgumentProcessor:Execute: Test run is completed.
TpTrace Information: 0 : 11168, 13, 2024/03/31, 20:16:29.864, 9367778154615, vstest.console.dll, SocketServer.PrivateStop: Stopping server endPoint: 127.0.0.1:64170 error: 
TpTrace Verbose: 0 : 11168, 1, 2024/03/31, 20:16:29.865, 9367778157874, vstest.console.dll, Executor.Execute: Exiting with exit code of 0
TpTrace Verbose: 0 : 11168, 13, 2024/03/31, 20:16:29.865, 9367778159574, vstest.console.dll, LengthPrefixCommunicationChannel.Dispose: Dispose reader and writer.
TpTrace Information: 0 : 11168, 13, 2024/03/31, 20:16:29.865, 9367778160444, vstest.console.dll, SocketServer.Stop: Raise disconnected event endPoint: 127.0.0.1:64170 error: 
TpTrace Verbose: 0 : 11168, 13, 2024/03/31, 20:16:29.865, 9367778161432, vstest.console.dll, TestRequestSender: OnTestRunAbort: Operation is already complete. Skip error message.
TpTrace Verbose: 0 : 11168, 13, 2024/03/31, 20:16:29.865, 9367778161925, vstest.console.dll, MulticastDelegateUtilities.SafeInvoke: SocketServer: ClientDisconnected: Invoking callback 1/1 for Microsoft.VisualStudio.TestPlatform.CommunicationUtilities.TestRequestSender., took 0 ms.
TpTrace Verbose: 0 : 11168, 13, 2024/03/31, 20:16:29.865, 9367778162307, vstest.console.dll, TcpClientExtensions.MessageLoopAsync: exiting MessageLoopAsync remoteEndPoint: 127.0.0.1:64171 localEndPoint: 127.0.0.1:64170
